{"/home/travis/build/npmtest/node-npmtest-log.io/test.js":{"path":"/home/travis/build/npmtest/node-npmtest-log.io/test.js","s":{"1":2,"2":2,"3":2,"4":2,"5":2,"6":2,"7":2,"8":1,"9":2,"10":2,"11":1,"12":1,"13":1,"14":1,"15":2,"16":2,"17":2,"18":2,"19":1,"20":1,"21":2,"22":2,"23":2,"24":1,"25":1,"26":1,"27":1,"28":1,"29":1,"30":1,"31":1,"32":1,"33":1,"34":1,"35":1,"36":1,"37":1,"38":1,"39":2,"40":2,"41":1,"42":2,"43":2,"44":1,"45":2,"46":2,"47":1,"48":2,"49":2,"50":1,"51":1,"52":1,"53":1,"54":1},"b":{"1":[2,1,1,1],"2":[1,1,1,1],"3":[1,1],"4":[1,1],"5":[1,1],"6":[1,1],"7":[1,1],"8":[1,1],"9":[1,1],"10":[1,1,1],"11":[1,1],"12":[1,1],"13":[1,1],"14":[1,1],"15":[1,1],"16":[1,1],"17":[1,1]},"f":{"1":2,"2":2,"3":2,"4":2,"5":2,"6":1,"7":1,"8":1,"9":2,"10":2,"11":2,"12":2,"13":1},"fnMap":{"1":{"name":"(anonymous_1)","line":12,"loc":{"start":{"line":12,"column":1},"end":{"line":12,"column":13}}},"2":{"name":"(anonymous_2)","line":19,"loc":{"start":{"line":19,"column":5},"end":{"line":19,"column":17}}},"3":{"name":"(anonymous_3)","line":23,"loc":{"start":{"line":23,"column":24},"end":{"line":23,"column":36}}},"4":{"name":"(anonymous_4)","line":61,"loc":{"start":{"line":61,"column":5},"end":{"line":61,"column":17}}},"5":{"name":"(anonymous_5)","line":82,"loc":{"start":{"line":82,"column":5},"end":{"line":82,"column":17}}},"6":{"name":"(anonymous_6)","line":91,"loc":{"start":{"line":91,"column":77},"end":{"line":94,"column":10}}},"7":{"name":"(anonymous_7)","line":112,"loc":{"start":{"line":112,"column":83},"end":{"line":115,"column":10}},"skip":true},"8":{"name":"(anonymous_8)","line":123,"loc":{"start":{"line":123,"column":77},"end":{"line":126,"column":10}},"skip":true},"9":{"name":"(anonymous_9)","line":139,"loc":{"start":{"line":139,"column":12},"end":{"line":139,"column":40}},"skip":true},"10":{"name":"(anonymous_10)","line":147,"loc":{"start":{"line":147,"column":77},"end":{"line":150,"column":10}},"skip":true},"11":{"name":"(anonymous_11)","line":158,"loc":{"start":{"line":158,"column":83},"end":{"line":161,"column":10}},"skip":true},"12":{"name":"(anonymous_12)","line":169,"loc":{"start":{"line":169,"column":79},"end":{"line":172,"column":10}},"skip":true},"13":{"name":"(anonymous_13)","line":180,"loc":{"start":{"line":180,"column":75},"end":{"line":183,"column":10}},"skip":true}},"statementMap":{"1":{"start":{"line":12,"column":0},"end":{"line":195,"column":5}},"2":{"start":{"line":14,"column":4},"end":{"line":14,"column":14}},"3":{"start":{"line":19,"column":4},"end":{"line":56,"column":9}},"4":{"start":{"line":21,"column":8},"end":{"line":21,"column":19}},"5":{"start":{"line":23,"column":8},"end":{"line":35,"column":13}},"6":{"start":{"line":24,"column":12},"end":{"line":34,"column":13}},"7":{"start":{"line":25,"column":16},"end":{"line":28,"column":30}},"8":{"start":{"line":30,"column":16},"end":{"line":33,"column":27}},"9":{"start":{"line":37,"column":8},"end":{"line":39,"column":21}},"10":{"start":{"line":40,"column":8},"end":{"line":53,"column":9}},"11":{"start":{"line":43,"column":12},"end":{"line":46,"column":14}},"12":{"start":{"line":47,"column":12},"end":{"line":47,"column":18}},"13":{"start":{"line":50,"column":12},"end":{"line":51,"column":33}},"14":{"start":{"line":52,"column":12},"end":{"line":52,"column":18}},"15":{"start":{"line":55,"column":8},"end":{"line":55,"column":35}},"16":{"start":{"line":61,"column":4},"end":{"line":63,"column":9}},"17":{"start":{"line":62,"column":8},"end":{"line":62,"column":15}},"18":{"start":{"line":64,"column":4},"end":{"line":77,"column":5}},"19":{"start":{"line":70,"column":8},"end":{"line":70,"column":14}},"20":{"start":{"line":76,"column":8},"end":{"line":76,"column":14}},"21":{"start":{"line":82,"column":4},"end":{"line":84,"column":9}},"22":{"start":{"line":83,"column":8},"end":{"line":83,"column":15}},"23":{"start":{"line":85,"column":4},"end":{"line":194,"column":5}},"24":{"start":{"line":91,"column":8},"end":{"line":99,"column":10}},"25":{"start":{"line":98,"column":12},"end":{"line":98,"column":35}},"26":{"start":{"line":102,"column":8},"end":{"line":104,"column":63}},"27":{"start":{"line":105,"column":8},"end":{"line":105,"column":14}},"28":{"start":{"line":112,"column":8},"end":{"line":121,"column":10},"skip":true},"29":{"start":{"line":119,"column":12},"end":{"line":119,"column":55},"skip":true},"30":{"start":{"line":120,"column":12},"end":{"line":120,"column":48},"skip":true},"31":{"start":{"line":123,"column":8},"end":{"line":136,"column":10},"skip":true},"32":{"start":{"line":130,"column":12},"end":{"line":130,"column":76},"skip":true},"33":{"start":{"line":131,"column":12},"end":{"line":131,"column":73},"skip":true},"34":{"start":{"line":132,"column":12},"end":{"line":132,"column":74},"skip":true},"35":{"start":{"line":133,"column":12},"end":{"line":133,"column":79},"skip":true},"36":{"start":{"line":134,"column":12},"end":{"line":134,"column":25},"skip":true},"37":{"start":{"line":135,"column":12},"end":{"line":135,"column":45},"skip":true},"38":{"start":{"line":138,"column":8},"end":{"line":145,"column":14},"skip":true},"39":{"start":{"line":143,"column":16},"end":{"line":143,"column":29},"skip":true},"40":{"start":{"line":144,"column":16},"end":{"line":144,"column":55},"skip":true},"41":{"start":{"line":147,"column":8},"end":{"line":156,"column":10},"skip":true},"42":{"start":{"line":154,"column":12},"end":{"line":154,"column":25},"skip":true},"43":{"start":{"line":155,"column":12},"end":{"line":155,"column":45},"skip":true},"44":{"start":{"line":158,"column":8},"end":{"line":167,"column":10},"skip":true},"45":{"start":{"line":165,"column":12},"end":{"line":165,"column":25},"skip":true},"46":{"start":{"line":166,"column":12},"end":{"line":166,"column":48},"skip":true},"47":{"start":{"line":169,"column":8},"end":{"line":178,"column":10},"skip":true},"48":{"start":{"line":176,"column":12},"end":{"line":176,"column":25},"skip":true},"49":{"start":{"line":177,"column":12},"end":{"line":177,"column":46},"skip":true},"50":{"start":{"line":180,"column":8},"end":{"line":189,"column":10},"skip":true},"51":{"start":{"line":187,"column":12},"end":{"line":187,"column":94},"skip":true},"52":{"start":{"line":188,"column":12},"end":{"line":188,"column":48},"skip":true},"53":{"start":{"line":192,"column":8},"end":{"line":192,"column":35},"skip":true},"54":{"start":{"line":193,"column":8},"end":{"line":193,"column":14},"skip":true}},"branchMap":{"1":{"line":25,"type":"binary-expr","locations":[{"start":{"line":25,"column":23},"end":{"line":25,"column":62}},{"start":{"line":26,"column":20},"end":{"line":26,"column":70}},{"start":{"line":27,"column":20},"end":{"line":27,"column":71}},{"start":{"line":28,"column":20},"end":{"line":28,"column":29}}]},"2":{"line":30,"type":"binary-expr","locations":[{"start":{"line":30,"column":23},"end":{"line":30,"column":37}},{"start":{"line":31,"column":20},"end":{"line":31,"column":61}},{"start":{"line":32,"column":20},"end":{"line":32,"column":70}},{"start":{"line":33,"column":20},"end":{"line":33,"column":26}}]},"3":{"line":37,"type":"cond-expr","locations":[{"start":{"line":38,"column":14},"end":{"line":38,"column":20}},{"start":{"line":39,"column":14},"end":{"line":39,"column":20}}]},"4":{"line":40,"type":"switch","locations":[{"start":{"line":42,"column":8},"end":{"line":47,"column":18}},{"start":{"line":49,"column":8},"end":{"line":52,"column":18}}]},"5":{"line":44,"type":"binary-expr","locations":[{"start":{"line":44,"column":16},"end":{"line":44,"column":44}},{"start":{"line":44,"column":48},"end":{"line":44,"column":66}}]},"6":{"line":50,"type":"binary-expr","locations":[{"start":{"line":50,"column":21},"end":{"line":50,"column":49}},{"start":{"line":50,"column":53},"end":{"line":50,"column":72}}]},"7":{"line":64,"type":"switch","locations":[{"start":{"line":69,"column":4},"end":{"line":70,"column":14}},{"start":{"line":75,"column":4},"end":{"line":76,"column":14}}]},"8":{"line":85,"type":"switch","locations":[{"start":{"line":90,"column":4},"end":{"line":105,"column":14}},{"start":{"line":111,"column":4},"end":{"line":193,"column":14},"skip":true}]},"9":{"line":91,"type":"binary-expr","locations":[{"start":{"line":91,"column":42},"end":{"line":91,"column":73}},{"start":{"line":91,"column":77},"end":{"line":99,"column":9}}]},"10":{"line":102,"type":"binary-expr","locations":[{"start":{"line":102,"column":18},"end":{"line":102,"column":32}},{"start":{"line":103,"column":12},"end":{"line":103,"column":53}},{"start":{"line":104,"column":12},"end":{"line":104,"column":61}}]},"11":{"line":112,"type":"binary-expr","locations":[{"start":{"line":112,"column":45},"end":{"line":112,"column":79},"skip":true},{"start":{"line":112,"column":83},"end":{"line":121,"column":9},"skip":true}]},"12":{"line":123,"type":"binary-expr","locations":[{"start":{"line":123,"column":42},"end":{"line":123,"column":73},"skip":true},{"start":{"line":123,"column":77},"end":{"line":136,"column":9},"skip":true}]},"13":{"line":138,"type":"binary-expr","locations":[{"start":{"line":138,"column":48},"end":{"line":138,"column":85},"skip":true},{"start":{"line":139,"column":12},"end":{"line":145,"column":13},"skip":true}]},"14":{"line":147,"type":"binary-expr","locations":[{"start":{"line":147,"column":42},"end":{"line":147,"column":73},"skip":true},{"start":{"line":147,"column":77},"end":{"line":156,"column":9},"skip":true}]},"15":{"line":158,"type":"binary-expr","locations":[{"start":{"line":158,"column":45},"end":{"line":158,"column":79},"skip":true},{"start":{"line":158,"column":83},"end":{"line":167,"column":9},"skip":true}]},"16":{"line":169,"type":"binary-expr","locations":[{"start":{"line":169,"column":43},"end":{"line":169,"column":75},"skip":true},{"start":{"line":169,"column":79},"end":{"line":178,"column":9},"skip":true}]},"17":{"line":180,"type":"binary-expr","locations":[{"start":{"line":180,"column":41},"end":{"line":180,"column":71},"skip":true},{"start":{"line":180,"column":75},"end":{"line":189,"column":9},"skip":true}]}},"code":["/* istanbul instrument in package npmtest_log_io */","/*jslint","    bitwise: true,","    browser: true,","    maxerr: 8,","    maxlen: 96,","    node: true,","    nomen: true,","    regexp: true,","    stupid: true","*/","(function () {","    'use strict';","    var local;","","","","    // run shared js-env code - init-before","    (function () {","        // init local","        local = {};","        // init modeJs","        local.modeJs = (function () {","            try {","                return typeof navigator.userAgent === 'string' &&","                    typeof document.querySelector('body') === 'object' &&","                    typeof XMLHttpRequest.prototype.open === 'function' &&","                    'browser';","            } catch (errorCaughtBrowser) {","                return module.exports &&","                    typeof process.versions.node === 'string' &&","                    typeof require('http').createServer === 'function' &&","                    'node';","            }","        }());","        // init global","        local.global = local.modeJs === 'browser'","            ? window","            : global;","        switch (local.modeJs) {","        // re-init local from window.local","        case 'browser':","            local = local.global.utility2.objectSetDefault(","                local.global.utility2_rollup || local.global.local,","                local.global.utility2","            );","            break;","        // re-init local from example.js","        case 'node':","            local = (local.global.utility2_rollup || require('utility2'))","                .requireReadme();","            break;","        }","        // export local","        local.global.local = local;","    }());","","","","    // run shared js-env code - function","    (function () {","        return;","    }());","    switch (local.modeJs) {","","","","    // run browser js-env code - function","    case 'browser':","        break;","","","","    // run node js-env code - function","    case 'node':","        break;","    }","","","","    // run shared js-env code - init-after","    (function () {","        return;","    }());","    switch (local.modeJs) {","","","","    // run browser js-env code - init-after","    case 'browser':","        local.testCase_browser_nullCase = local.testCase_browser_nullCase || function (","            options,","            onError","        ) {","        /*","         * this function will test browsers's null-case handling-behavior-behavior","         */","            onError(null, options);","        };","","        // run tests","        local.nop(local.modeTest &&","            document.querySelector('#testRunButton1') &&","            document.querySelector('#testRunButton1').click());","        break;","","","","    // run node js-env code - init-after","    /* istanbul ignore next */","    case 'node':","        local.testCase_buildApidoc_default = local.testCase_buildApidoc_default || function (","            options,","            onError","        ) {","        /*","         * this function will test buildApidoc's default handling-behavior-behavior","         */","            options = { modulePathList: module.paths };","            local.buildApidoc(options, onError);","        };","","        local.testCase_buildApp_default = local.testCase_buildApp_default || function (","            options,","            onError","        ) {","        /*","         * this function will test buildApp's default handling-behavior-behavior","         */","            local.testCase_buildReadme_default(options, local.onErrorThrow);","            local.testCase_buildLib_default(options, local.onErrorThrow);","            local.testCase_buildTest_default(options, local.onErrorThrow);","            local.testCase_buildCustomOrg_default(options, local.onErrorThrow);","            options = [];","            local.buildApp(options, onError);","        };","","        local.testCase_buildCustomOrg_default = local.testCase_buildCustomOrg_default ||","            function (options, onError) {","            /*","             * this function will test buildCustomOrg's default handling-behavior","             */","                options = {};","                local.buildCustomOrg(options, onError);","            };","","        local.testCase_buildLib_default = local.testCase_buildLib_default || function (","            options,","            onError","        ) {","        /*","         * this function will test buildLib's default handling-behavior","         */","            options = {};","            local.buildLib(options, onError);","        };","","        local.testCase_buildReadme_default = local.testCase_buildReadme_default || function (","            options,","            onError","        ) {","        /*","         * this function will test buildReadme's default handling-behavior-behavior","         */","            options = {};","            local.buildReadme(options, onError);","        };","","        local.testCase_buildTest_default = local.testCase_buildTest_default || function (","            options,","            onError","        ) {","        /*","         * this function will test buildTest's default handling-behavior","         */","            options = {};","            local.buildTest(options, onError);","        };","","        local.testCase_webpage_default = local.testCase_webpage_default || function (","            options,","            onError","        ) {","        /*","         * this function will test webpage's default handling-behavior","         */","            options = { modeCoverageMerge: true, url: local.serverLocalHost + '?modeTest=1' };","            local.browserTest(options, onError);","        };","","        // run test-server","        local.testRunServer(local);","        break;","    }","}());",""],"l":{"12":2,"14":2,"19":2,"21":2,"23":2,"24":2,"25":2,"30":1,"37":2,"40":2,"43":1,"47":1,"50":1,"52":1,"55":2,"61":2,"62":2,"64":2,"70":1,"76":1,"82":2,"83":2,"85":2,"91":1,"98":1,"102":1,"105":1,"112":1,"119":1,"120":1,"123":1,"130":1,"131":1,"132":1,"133":1,"134":1,"135":1,"138":1,"143":2,"144":2,"147":1,"154":2,"155":2,"158":1,"165":2,"166":2,"169":1,"176":2,"177":2,"180":1,"187":1,"188":1,"192":1,"193":1}},"/home/travis/build/npmtest/node-npmtest-log.io/lib.npmtest_log.io.js":{"path":"/home/travis/build/npmtest/node-npmtest-log.io/lib.npmtest_log.io.js","s":{"1":2,"2":2,"3":2,"4":2,"5":2,"6":2,"7":2,"8":1,"9":2,"10":2,"11":2,"12":2,"13":1,"14":1,"15":1,"16":1},"b":{"1":[2,1,1,1],"2":[1,1,1,1],"3":[1,1],"4":[2,2],"5":[1,1]},"f":{"1":2,"2":2,"3":2},"fnMap":{"1":{"name":"(anonymous_1)","line":12,"loc":{"start":{"line":12,"column":1},"end":{"line":12,"column":13}}},"2":{"name":"(anonymous_2)","line":19,"loc":{"start":{"line":19,"column":5},"end":{"line":19,"column":17}}},"3":{"name":"(anonymous_3)","line":23,"loc":{"start":{"line":23,"column":24},"end":{"line":23,"column":36}}}},"statementMap":{"1":{"start":{"line":12,"column":0},"end":{"line":53,"column":5}},"2":{"start":{"line":14,"column":4},"end":{"line":14,"column":14}},"3":{"start":{"line":19,"column":4},"end":{"line":52,"column":9}},"4":{"start":{"line":21,"column":8},"end":{"line":21,"column":19}},"5":{"start":{"line":23,"column":8},"end":{"line":35,"column":13}},"6":{"start":{"line":24,"column":12},"end":{"line":34,"column":13}},"7":{"start":{"line":25,"column":16},"end":{"line":28,"column":30}},"8":{"start":{"line":30,"column":16},"end":{"line":33,"column":27}},"9":{"start":{"line":37,"column":8},"end":{"line":39,"column":21}},"10":{"start":{"line":41,"column":8},"end":{"line":41,"column":54}},"11":{"start":{"line":43,"column":8},"end":{"line":43,"column":51}},"12":{"start":{"line":45,"column":8},"end":{"line":51,"column":9}},"13":{"start":{"line":46,"column":12},"end":{"line":46,"column":57}},"14":{"start":{"line":48,"column":12},"end":{"line":48,"column":35}},"15":{"start":{"line":49,"column":12},"end":{"line":49,"column":49}},"16":{"start":{"line":50,"column":12},"end":{"line":50,"column":43}}},"branchMap":{"1":{"line":25,"type":"binary-expr","locations":[{"start":{"line":25,"column":23},"end":{"line":25,"column":62}},{"start":{"line":26,"column":20},"end":{"line":26,"column":70}},{"start":{"line":27,"column":20},"end":{"line":27,"column":71}},{"start":{"line":28,"column":20},"end":{"line":28,"column":29}}]},"2":{"line":30,"type":"binary-expr","locations":[{"start":{"line":30,"column":23},"end":{"line":30,"column":37}},{"start":{"line":31,"column":20},"end":{"line":31,"column":61}},{"start":{"line":32,"column":20},"end":{"line":32,"column":70}},{"start":{"line":33,"column":20},"end":{"line":33,"column":26}}]},"3":{"line":37,"type":"cond-expr","locations":[{"start":{"line":38,"column":14},"end":{"line":38,"column":20}},{"start":{"line":39,"column":14},"end":{"line":39,"column":20}}]},"4":{"line":41,"type":"binary-expr","locations":[{"start":{"line":41,"column":16},"end":{"line":41,"column":44}},{"start":{"line":41,"column":48},"end":{"line":41,"column":53}}]},"5":{"line":45,"type":"if","locations":[{"start":{"line":45,"column":8},"end":{"line":45,"column":8}},{"start":{"line":45,"column":8},"end":{"line":45,"column":8}}]}},"code":["/* istanbul instrument in package npmtest_log_io */","/*jslint","    bitwise: true,","    browser: true,","    maxerr: 8,","    maxlen: 96,","    node: true,","    nomen: true,","    regexp: true,","    stupid: true","*/","(function () {","    'use strict';","    var local;","","","","    // run shared js-env code - pre-init","    (function () {","        // init local","        local = {};","        // init modeJs","        local.modeJs = (function () {","            try {","                return typeof navigator.userAgent === 'string' &&","                    typeof document.querySelector('body') === 'object' &&","                    typeof XMLHttpRequest.prototype.open === 'function' &&","                    'browser';","            } catch (errorCaughtBrowser) {","                return module.exports &&","                    typeof process.versions.node === 'string' &&","                    typeof require('http').createServer === 'function' &&","                    'node';","            }","        }());","        // init global","        local.global = local.modeJs === 'browser'","            ? window","            : global;","        // init utility2_rollup","        local = local.global.utility2_rollup || local;","        // init lib","        local.local = local.npmtest_log_io = local;","        // init exports","        if (local.modeJs === 'browser') {","            local.global.utility2_npmtest_log_io = local;","        } else {","            module.exports = local;","            module.exports.__dirname = __dirname;","            module.exports.module = module;","        }","    }());","}());",""],"l":{"12":2,"14":2,"19":2,"21":2,"23":2,"24":2,"25":2,"30":1,"37":2,"41":2,"43":2,"45":2,"46":1,"48":1,"49":1,"50":1}},"/home/travis/build/npmtest/node-npmtest-log.io/example.js":{"path":"/home/travis/build/npmtest/node-npmtest-log.io/example.js","s":{"1":2,"2":2,"3":2,"4":2,"5":2,"6":2,"7":2,"8":1,"9":2,"10":2,"11":2,"12":2,"13":1,"14":2,"15":2,"16":2,"17":2,"18":2,"19":0,"20":2,"21":1,"22":1,"23":1,"24":1,"25":1,"26":0,"27":0,"28":1,"29":1,"30":2,"31":0,"32":0,"33":0,"34":1,"35":2,"36":2,"37":3,"38":3,"39":3,"40":3,"41":0,"42":3,"43":3,"44":3,"45":1,"46":3,"47":1,"48":1,"49":1,"50":1,"51":1,"52":1,"53":1,"54":1,"55":1,"56":1,"57":0,"58":1,"59":6,"60":6,"61":1,"62":2,"63":0,"64":2,"65":1,"66":1,"67":0,"68":0,"69":0,"70":0,"71":0,"72":0,"73":0,"74":0,"75":0,"76":0,"77":0,"78":0,"79":0,"80":0,"81":0,"82":0,"83":0},"b":{"1":[2,1,1,1],"2":[1,1,1,1],"3":[1,1],"4":[2,2],"5":[1,1],"6":[1,1],"7":[2,0],"8":[2,1,1,1,1,1],"9":[0,2,0],"10":[1,1],"11":[2,1,1],"12":[1,0],"13":[0,2],"14":[2,0,0,0,0,0,0],"15":[0,3],"16":[3,0],"17":[1,1],"18":[0,1],"19":[1,2,0,2],"20":[1,0],"21":[1,1],"22":[0,0],"23":[0,0],"24":[0,0],"25":[0,0],"26":[0,0],"27":[0,0],"28":[0,0]},"f":{"1":2,"2":2,"3":2,"4":2,"5":2,"6":2,"7":3,"8":3,"9":3,"10":1,"11":6,"12":0},"fnMap":{"1":{"name":"(anonymous_1)","line":26,"loc":{"start":{"line":26,"column":1},"end":{"line":26,"column":13}}},"2":{"name":"(anonymous_2)","line":33,"loc":{"start":{"line":33,"column":5},"end":{"line":33,"column":17}}},"3":{"name":"(anonymous_3)","line":37,"loc":{"start":{"line":37,"column":24},"end":{"line":37,"column":36}}},"4":{"name":"(anonymous_4)","line":69,"loc":{"start":{"line":69,"column":31},"end":{"line":69,"column":48}},"skip":true},"5":{"name":"(anonymous_5)","line":78,"loc":{"start":{"line":78,"column":26},"end":{"line":78,"column":45}},"skip":true},"6":{"name":"(anonymous_6)","line":123,"loc":{"start":{"line":123,"column":33},"end":{"line":123,"column":48}},"skip":true},"7":{"name":"(anonymous_7)","line":125,"loc":{"start":{"line":125,"column":27},"end":{"line":125,"column":39}},"skip":true},"8":{"name":"(anonymous_8)","line":133,"loc":{"start":{"line":133,"column":59},"end":{"line":133,"column":74}},"skip":true},"9":{"name":"(anonymous_9)","line":143,"loc":{"start":{"line":143,"column":45},"end":{"line":143,"column":62}},"skip":true},"10":{"name":"(anonymous_10)","line":144,"loc":{"start":{"line":144,"column":73},"end":{"line":144,"column":92}},"skip":true},"11":{"name":"(anonymous_11)","line":272,"loc":{"start":{"line":272,"column":51},"end":{"line":272,"column":77}},"skip":true},"12":{"name":"(anonymous_12)","line":315,"loc":{"start":{"line":315,"column":32},"end":{"line":315,"column":61}},"skip":true}},"statementMap":{"1":{"start":{"line":26,"column":0},"end":{"line":326,"column":5}},"2":{"start":{"line":28,"column":4},"end":{"line":28,"column":14}},"3":{"start":{"line":33,"column":4},"end":{"line":60,"column":9}},"4":{"start":{"line":35,"column":8},"end":{"line":35,"column":19}},"5":{"start":{"line":37,"column":8},"end":{"line":49,"column":13}},"6":{"start":{"line":38,"column":12},"end":{"line":48,"column":13}},"7":{"start":{"line":39,"column":16},"end":{"line":42,"column":30}},"8":{"start":{"line":44,"column":16},"end":{"line":47,"column":27}},"9":{"start":{"line":51,"column":8},"end":{"line":53,"column":21}},"10":{"start":{"line":55,"column":8},"end":{"line":57,"column":45}},"11":{"start":{"line":59,"column":8},"end":{"line":59,"column":35}},"12":{"start":{"line":61,"column":4},"end":{"line":325,"column":5}},"13":{"start":{"line":69,"column":8},"end":{"line":121,"column":10},"skip":true},"14":{"start":{"line":70,"column":12},"end":{"line":88,"column":13},"skip":true},"15":{"start":{"line":76,"column":16},"end":{"line":87,"column":19},"skip":true},"16":{"start":{"line":79,"column":20},"end":{"line":86,"column":21},"skip":true},"17":{"start":{"line":82,"column":24},"end":{"line":82,"column":43},"skip":true},"18":{"start":{"line":83,"column":24},"end":{"line":83,"column":30},"skip":true},"19":{"start":{"line":85,"column":24},"end":{"line":85,"column":49},"skip":true},"20":{"start":{"line":89,"column":12},"end":{"line":107,"column":13},"skip":true},"21":{"start":{"line":92,"column":16},"end":{"line":102,"column":17},"skip":true},"22":{"start":{"line":93,"column":20},"end":{"line":93,"column":86},"skip":true},"23":{"start":{"line":94,"column":20},"end":{"line":95,"column":45},"skip":true},"24":{"start":{"line":96,"column":20},"end":{"line":96,"column":42},"skip":true},"25":{"start":{"line":97,"column":20},"end":{"line":97,"column":48},"skip":true},"26":{"start":{"line":100,"column":20},"end":{"line":100,"column":85},"skip":true},"27":{"start":{"line":101,"column":20},"end":{"line":101,"column":96},"skip":true},"28":{"start":{"line":103,"column":16},"end":{"line":103,"column":22},"skip":true},"29":{"start":{"line":106,"column":16},"end":{"line":106,"column":22},"skip":true},"30":{"start":{"line":108,"column":12},"end":{"line":120,"column":13},"skip":true},"31":{"start":{"line":114,"column":16},"end":{"line":119,"column":17},"skip":true},"32":{"start":{"line":116,"column":20},"end":{"line":116,"column":78},"skip":true},"33":{"start":{"line":118,"column":20},"end":{"line":118,"column":47},"skip":true},"34":{"start":{"line":123,"column":8},"end":{"line":141,"column":11},"skip":true},"35":{"start":{"line":124,"column":12},"end":{"line":124,"column":54},"skip":true},"36":{"start":{"line":125,"column":12},"end":{"line":140,"column":14},"skip":true},"37":{"start":{"line":126,"column":16},"end":{"line":126,"column":28},"skip":true},"38":{"start":{"line":127,"column":16},"end":{"line":127,"column":69},"skip":true},"39":{"start":{"line":128,"column":16},"end":{"line":128,"column":75},"skip":true},"40":{"start":{"line":129,"column":16},"end":{"line":131,"column":17},"skip":true},"41":{"start":{"line":130,"column":20},"end":{"line":130,"column":27},"skip":true},"42":{"start":{"line":133,"column":16},"end":{"line":137,"column":36},"skip":true},"43":{"start":{"line":134,"column":20},"end":{"line":136,"column":55},"skip":true},"44":{"start":{"line":139,"column":16},"end":{"line":139,"column":57},"skip":true},"45":{"start":{"line":143,"column":8},"end":{"line":147,"column":11},"skip":true},"46":{"start":{"line":144,"column":12},"end":{"line":146,"column":15},"skip":true},"47":{"start":{"line":145,"column":16},"end":{"line":145,"column":70},"skip":true},"48":{"start":{"line":149,"column":8},"end":{"line":149,"column":31},"skip":true},"49":{"start":{"line":150,"column":8},"end":{"line":150,"column":14},"skip":true},"50":{"start":{"line":158,"column":8},"end":{"line":158,"column":31},"skip":true},"51":{"start":{"line":160,"column":8},"end":{"line":160,"column":33},"skip":true},"52":{"start":{"line":161,"column":8},"end":{"line":161,"column":37},"skip":true},"53":{"start":{"line":162,"column":8},"end":{"line":162,"column":35},"skip":true},"54":{"start":{"line":164,"column":8},"end":{"line":164,"column":50},"skip":true},"55":{"start":{"line":166,"column":8},"end":{"line":256,"column":2},"skip":true},"56":{"start":{"line":258,"column":8},"end":{"line":286,"column":9},"skip":true},"57":{"start":{"line":259,"column":12},"end":{"line":269,"column":14},"skip":true},"58":{"start":{"line":271,"column":12},"end":{"line":285,"column":19},"skip":true},"59":{"start":{"line":274,"column":20},"end":{"line":274,"column":35},"skip":true},"60":{"start":{"line":275,"column":20},"end":{"line":284,"column":21},"skip":true},"61":{"start":{"line":277,"column":24},"end":{"line":277,"column":64},"skip":true},"62":{"start":{"line":279,"column":24},"end":{"line":279,"column":40},"skip":true},"63":{"start":{"line":281,"column":24},"end":{"line":281,"column":40},"skip":true},"64":{"start":{"line":283,"column":24},"end":{"line":283,"column":39},"skip":true},"65":{"start":{"line":288,"column":8},"end":{"line":290,"column":9},"skip":true},"66":{"start":{"line":289,"column":12},"end":{"line":289,"column":18},"skip":true},"67":{"start":{"line":291,"column":8},"end":{"line":293,"column":54},"skip":true},"68":{"start":{"line":296,"column":8},"end":{"line":301,"column":37},"skip":true},"69":{"start":{"line":303,"column":8},"end":{"line":303,"column":82},"skip":true},"70":{"start":{"line":306,"column":8},"end":{"line":308,"column":9},"skip":true},"71":{"start":{"line":307,"column":12},"end":{"line":307,"column":82},"skip":true},"72":{"start":{"line":310,"column":8},"end":{"line":312,"column":9},"skip":true},"73":{"start":{"line":311,"column":12},"end":{"line":311,"column":18},"skip":true},"74":{"start":{"line":313,"column":8},"end":{"line":313,"column":54},"skip":true},"75":{"start":{"line":314,"column":8},"end":{"line":314,"column":69},"skip":true},"76":{"start":{"line":315,"column":8},"end":{"line":323,"column":36},"skip":true},"77":{"start":{"line":316,"column":12},"end":{"line":316,"column":61},"skip":true},"78":{"start":{"line":317,"column":12},"end":{"line":320,"column":13},"skip":true},"79":{"start":{"line":318,"column":16},"end":{"line":318,"column":75},"skip":true},"80":{"start":{"line":319,"column":16},"end":{"line":319,"column":23},"skip":true},"81":{"start":{"line":321,"column":12},"end":{"line":321,"column":38},"skip":true},"82":{"start":{"line":322,"column":12},"end":{"line":322,"column":27},"skip":true},"83":{"start":{"line":324,"column":8},"end":{"line":324,"column":14},"skip":true}},"branchMap":{"1":{"line":39,"type":"binary-expr","locations":[{"start":{"line":39,"column":23},"end":{"line":39,"column":62}},{"start":{"line":40,"column":20},"end":{"line":40,"column":70}},{"start":{"line":41,"column":20},"end":{"line":41,"column":71}},{"start":{"line":42,"column":20},"end":{"line":42,"column":29}}]},"2":{"line":44,"type":"binary-expr","locations":[{"start":{"line":44,"column":23},"end":{"line":44,"column":37}},{"start":{"line":45,"column":20},"end":{"line":45,"column":61}},{"start":{"line":46,"column":20},"end":{"line":46,"column":70}},{"start":{"line":47,"column":20},"end":{"line":47,"column":26}}]},"3":{"line":51,"type":"cond-expr","locations":[{"start":{"line":52,"column":14},"end":{"line":52,"column":20}},{"start":{"line":53,"column":14},"end":{"line":53,"column":20}}]},"4":{"line":55,"type":"binary-expr","locations":[{"start":{"line":55,"column":16},"end":{"line":55,"column":44}},{"start":{"line":55,"column":49},"end":{"line":57,"column":43}}]},"5":{"line":55,"type":"cond-expr","locations":[{"start":{"line":56,"column":14},"end":{"line":56,"column":50}},{"start":{"line":57,"column":14},"end":{"line":57,"column":43}}]},"6":{"line":61,"type":"switch","locations":[{"start":{"line":68,"column":4},"end":{"line":150,"column":14},"skip":true},{"start":{"line":156,"column":4},"end":{"line":324,"column":14},"skip":true}]},"7":{"line":70,"type":"if","locations":[{"start":{"line":70,"column":12},"end":{"line":70,"column":12},"skip":true},{"start":{"line":70,"column":12},"end":{"line":70,"column":12},"skip":true}]},"8":{"line":70,"type":"binary-expr","locations":[{"start":{"line":70,"column":16},"end":{"line":70,"column":22},"skip":true},{"start":{"line":70,"column":27},"end":{"line":70,"column":32},"skip":true},{"start":{"line":71,"column":20},"end":{"line":71,"column":39},"skip":true},{"start":{"line":72,"column":20},"end":{"line":72,"column":49},"skip":true},{"start":{"line":73,"column":20},"end":{"line":73,"column":58},"skip":true},{"start":{"line":74,"column":20},"end":{"line":74,"column":69},"skip":true}]},"9":{"line":79,"type":"switch","locations":[{"start":{"line":80,"column":20},"end":{"line":80,"column":33},"skip":true},{"start":{"line":81,"column":20},"end":{"line":83,"column":30},"skip":true},{"start":{"line":84,"column":20},"end":{"line":85,"column":49},"skip":true}]},"10":{"line":89,"type":"switch","locations":[{"start":{"line":90,"column":12},"end":{"line":103,"column":22},"skip":true},{"start":{"line":105,"column":12},"end":{"line":106,"column":22},"skip":true}]},"11":{"line":89,"type":"binary-expr","locations":[{"start":{"line":89,"column":20},"end":{"line":89,"column":25},"skip":true},{"start":{"line":89,"column":29},"end":{"line":89,"column":48},"skip":true},{"start":{"line":89,"column":52},"end":{"line":89,"column":74},"skip":true}]},"12":{"line":92,"type":"if","locations":[{"start":{"line":92,"column":16},"end":{"line":92,"column":16},"skip":true},{"start":{"line":92,"column":16},"end":{"line":92,"column":16},"skip":true}]},"13":{"line":108,"type":"if","locations":[{"start":{"line":108,"column":12},"end":{"line":108,"column":12},"skip":true},{"start":{"line":108,"column":12},"end":{"line":108,"column":12},"skip":true}]},"14":{"line":108,"type":"binary-expr","locations":[{"start":{"line":108,"column":16},"end":{"line":108,"column":61},"skip":true},{"start":{"line":108,"column":66},"end":{"line":108,"column":72},"skip":true},{"start":{"line":108,"column":77},"end":{"line":108,"column":82},"skip":true},{"start":{"line":109,"column":20},"end":{"line":109,"column":39},"skip":true},{"start":{"line":110,"column":20},"end":{"line":110,"column":49},"skip":true},{"start":{"line":111,"column":20},"end":{"line":111,"column":58},"skip":true},{"start":{"line":112,"column":20},"end":{"line":112,"column":68},"skip":true}]},"15":{"line":129,"type":"if","locations":[{"start":{"line":129,"column":16},"end":{"line":129,"column":16},"skip":true},{"start":{"line":129,"column":16},"end":{"line":129,"column":16},"skip":true}]},"16":{"line":134,"type":"cond-expr","locations":[{"start":{"line":135,"column":26},"end":{"line":135,"column":29},"skip":true},{"start":{"line":136,"column":26},"end":{"line":136,"column":54},"skip":true}]},"17":{"line":164,"type":"binary-expr","locations":[{"start":{"line":164,"column":27},"end":{"line":164,"column":43},"skip":true},{"start":{"line":164,"column":47},"end":{"line":164,"column":49},"skip":true}]},"18":{"line":258,"type":"if","locations":[{"start":{"line":258,"column":8},"end":{"line":258,"column":8},"skip":true},{"start":{"line":258,"column":8},"end":{"line":258,"column":8},"skip":true}]},"19":{"line":275,"type":"switch","locations":[{"start":{"line":276,"column":20},"end":{"line":277,"column":64},"skip":true},{"start":{"line":278,"column":20},"end":{"line":279,"column":40},"skip":true},{"start":{"line":280,"column":20},"end":{"line":281,"column":40},"skip":true},{"start":{"line":282,"column":20},"end":{"line":283,"column":39},"skip":true}]},"20":{"line":288,"type":"if","locations":[{"start":{"line":288,"column":8},"end":{"line":288,"column":8},"skip":true},{"start":{"line":288,"column":8},"end":{"line":288,"column":8},"skip":true}]},"21":{"line":288,"type":"binary-expr","locations":[{"start":{"line":288,"column":12},"end":{"line":288,"column":40},"skip":true},{"start":{"line":288,"column":44},"end":{"line":288,"column":67},"skip":true}]},"22":{"line":292,"type":"binary-expr","locations":[{"start":{"line":292,"column":12},"end":{"line":292,"column":50},"skip":true},{"start":{"line":293,"column":12},"end":{"line":293,"column":53},"skip":true}]},"23":{"line":297,"type":"binary-expr","locations":[{"start":{"line":297,"column":12},"end":{"line":297,"column":64},"skip":true},{"start":{"line":298,"column":12},"end":{"line":301,"column":36},"skip":true}]},"24":{"line":303,"type":"binary-expr","locations":[{"start":{"line":303,"column":43},"end":{"line":303,"column":75},"skip":true},{"start":{"line":303,"column":79},"end":{"line":303,"column":81},"skip":true}]},"25":{"line":306,"type":"if","locations":[{"start":{"line":306,"column":8},"end":{"line":306,"column":8},"skip":true},{"start":{"line":306,"column":8},"end":{"line":306,"column":8},"skip":true}]},"26":{"line":310,"type":"if","locations":[{"start":{"line":310,"column":8},"end":{"line":310,"column":8},"skip":true},{"start":{"line":310,"column":8},"end":{"line":310,"column":8},"skip":true}]},"27":{"line":313,"type":"binary-expr","locations":[{"start":{"line":313,"column":27},"end":{"line":313,"column":43},"skip":true},{"start":{"line":313,"column":47},"end":{"line":313,"column":53},"skip":true}]},"28":{"line":317,"type":"if","locations":[{"start":{"line":317,"column":12},"end":{"line":317,"column":12},"skip":true},{"start":{"line":317,"column":12},"end":{"line":317,"column":12},"skip":true}]}},"code":["/*","example.js","","quickstart example","","instruction","    1. save this script as example.js","    2. run the shell command:","        $ npm install npmtest-log.io && PORT=8081 node example.js","    3. play with the browser-demo on http://127.0.0.1:8081","*/","","","","/* istanbul instrument in package npmtest_log_io */","/*jslint","    bitwise: true,","    browser: true,","    maxerr: 8,","    maxlen: 96,","    node: true,","    nomen: true,","    regexp: true,","    stupid: true","*/","(function () {","    'use strict';","    var local;","","","","    // run shared js-env code - init-before","    (function () {","        // init local","        local = {};","        // init modeJs","        local.modeJs = (function () {","            try {","                return typeof navigator.userAgent === 'string' &&","                    typeof document.querySelector('body') === 'object' &&","                    typeof XMLHttpRequest.prototype.open === 'function' &&","                    'browser';","            } catch (errorCaughtBrowser) {","                return module.exports &&","                    typeof process.versions.node === 'string' &&","                    typeof require('http').createServer === 'function' &&","                    'node';","            }","        }());","        // init global","        local.global = local.modeJs === 'browser'","            ? window","            : global;","        // init utility2_rollup","        local = local.global.utility2_rollup || (local.modeJs === 'browser'","            ? local.global.utility2_npmtest_log_io","            : global.utility2_moduleExports);","        // export local","        local.global.local = local;","    }());","    switch (local.modeJs) {","","","","    // init-after","    // run browser js-env code - init-after","    /* istanbul ignore next */","    case 'browser':","        local.testRunBrowser = function (event) {","            if (!event || (event &&","                    event.currentTarget &&","                    event.currentTarget.className &&","                    event.currentTarget.className.includes &&","                    event.currentTarget.className.includes('onreset'))) {","                // reset output","                Array.from(","                    document.querySelectorAll('body > .resettable')","                ).forEach(function (element) {","                    switch (element.tagName) {","                    case 'INPUT':","                    case 'TEXTAREA':","                        element.value = '';","                        break;","                    default:","                        element.textContent = '';","                    }","                });","            }","            switch (event && event.currentTarget && event.currentTarget.id) {","            case 'testRunButton1':","                // show tests","                if (document.querySelector('#testReportDiv1').style.display === 'none') {","                    document.querySelector('#testReportDiv1').style.display = 'block';","                    document.querySelector('#testRunButton1').textContent =","                        'hide internal test';","                    local.modeTest = true;","                    local.testRunDefault(local);","                // hide tests","                } else {","                    document.querySelector('#testReportDiv1').style.display = 'none';","                    document.querySelector('#testRunButton1').textContent = 'run internal test';","                }","                break;","            // custom-case","            default:","                break;","            }","            if (document.querySelector('#inputTextareaEval1') && (!event || (event &&","                    event.currentTarget &&","                    event.currentTarget.className &&","                    event.currentTarget.className.includes &&","                    event.currentTarget.className.includes('oneval')))) {","                // try to eval input-code","                try {","                    /*jslint evil: true*/","                    eval(document.querySelector('#inputTextareaEval1').value);","                } catch (errorCaught) {","                    console.error(errorCaught);","                }","            }","        };","        // log stderr and stdout to #outputTextareaStdout1","        ['error', 'log'].forEach(function (key) {","            console[key + '_original'] = console[key];","            console[key] = function () {","                var element;","                console[key + '_original'].apply(console, arguments);","                element = document.querySelector('#outputTextareaStdout1');","                if (!element) {","                    return;","                }","                // append text to #outputTextareaStdout1","                element.value += Array.from(arguments).map(function (arg) {","                    return typeof arg === 'string'","                        ? arg","                        : JSON.stringify(arg, null, 4);","                }).join(' ') + '\\n';","                // scroll textarea to bottom","                element.scrollTop = element.scrollHeight;","            };","        });","        // init event-handling","        ['change', 'click', 'keyup'].forEach(function (event) {","            Array.from(document.querySelectorAll('.on' + event)).forEach(function (element) {","                element.addEventListener(event, local.testRunBrowser);","            });","        });","        // run tests","        local.testRunBrowser();","        break;","","","","    // run node js-env code - init-after","    /* istanbul ignore next */","    case 'node':","        // export local","        module.exports = local;","        // require modules","        local.fs = require('fs');","        local.http = require('http');","        local.url = require('url');","        // init assets","        local.assetsDict = local.assetsDict || {};","        /* jslint-ignore-begin */","        local.assetsDict['/assets.index.template.html'] = '\\","<!doctype html>\\n\\","<html lang=\"en\">\\n\\","<head>\\n\\","<meta charset=\"UTF-8\">\\n\\","<meta name=\"viewport\" content=\"width=device-width, initial-scale=1\">\\n\\","<title>{{env.npm_package_name}} (v{{env.npm_package_version}})</title>\\n\\","<style>\\n\\","/*csslint\\n\\","    box-sizing: false,\\n\\","    universal-selector: false\\n\\","*/\\n\\","* {\\n\\","    box-sizing: border-box;\\n\\","}\\n\\","body {\\n\\","    background: #dde;\\n\\","    font-family: Arial, Helvetica, sans-serif;\\n\\","    margin: 2rem;\\n\\","}\\n\\","body > * {\\n\\","    margin-bottom: 1rem;\\n\\","}\\n\\",".utility2FooterDiv {\\n\\","    margin-top: 20px;\\n\\","    text-align: center;\\n\\","}\\n\\","</style>\\n\\","<style>\\n\\","/*csslint\\n\\","*/\\n\\","textarea {\\n\\","    font-family: monospace;\\n\\","    height: 10rem;\\n\\","    width: 100%;\\n\\","}\\n\\","textarea[readonly] {\\n\\","    background: #ddd;\\n\\","}\\n\\","</style>\\n\\","</head>\\n\\","<body>\\n\\","<!-- utility2-comment\\n\\","<div id=\"ajaxProgressDiv1\" style=\"background: #d00; height: 2px; left: 0; margin: 0; padding: 0; position: fixed; top: 0; transition: background 0.5s, width 1.5s; width: 25%;\"></div>\\n\\","utility2-comment -->\\n\\","<h1>\\n\\","<!-- utility2-comment\\n\\","    <a\\n\\","        {{#if env.npm_package_homepage}}\\n\\","        href=\"{{env.npm_package_homepage}}\"\\n\\","        {{/if env.npm_package_homepage}}\\n\\","        target=\"_blank\"\\n\\","    >\\n\\","utility2-comment -->\\n\\","        {{env.npm_package_name}} (v{{env.npm_package_version}})\\n\\","<!-- utility2-comment\\n\\","    </a>\\n\\","utility2-comment -->\\n\\","</h1>\\n\\","<h3>{{env.npm_package_description}}</h3>\\n\\","<!-- utility2-comment\\n\\","<h4><a download href=\"assets.app.js\">download standalone app</a></h4>\\n\\","<button class=\"onclick onreset\" id=\"testRunButton1\">run internal test</button><br>\\n\\","<div id=\"testReportDiv1\" style=\"display: none;\"></div>\\n\\","utility2-comment -->\\n\\","\\n\\","\\n\\","\\n\\","<label>stderr and stdout</label>\\n\\","<textarea class=\"resettable\" id=\"outputTextareaStdout1\" readonly></textarea>\\n\\","<!-- utility2-comment\\n\\","{{#if isRollup}}\\n\\","<script src=\"assets.app.js\"></script>\\n\\","{{#unless isRollup}}\\n\\","utility2-comment -->\\n\\","<script src=\"assets.utility2.rollup.js\"></script>\\n\\","<script src=\"jsonp.utility2._stateInit?callback=window.utility2._stateInit\"></script>\\n\\","<script src=\"assets.npmtest_log_io.rollup.js\"></script>\\n\\","<script src=\"assets.example.js\"></script>\\n\\","<script src=\"assets.test.js\"></script>\\n\\","<!-- utility2-comment\\n\\","{{/if isRollup}}\\n\\","utility2-comment -->\\n\\","<div class=\"utility2FooterDiv\">\\n\\","    [ this app was created with\\n\\","    <a href=\"https://github.com/kaizhu256/node-utility2\" target=\"_blank\">utility2</a>\\n\\","    ]\\n\\","</div>\\n\\","</body>\\n\\","</html>\\n\\","';","        /* jslint-ignore-end */","        if (local.templateRender) {","            local.assetsDict['/'] = local.templateRender(","                local.assetsDict['/assets.index.template.html'],","                {","                    env: local.objectSetDefault(local.env, {","                        npm_package_description: 'the greatest app in the world!',","                        npm_package_name: 'my-app',","                        npm_package_nameAlias: 'my_app',","                        npm_package_version: '0.0.1'","                    })","                }","            );","        } else {","            local.assetsDict['/'] = local.assetsDict['/assets.index.template.html']","                .replace((/\\{\\{env\\.(\\w+?)\\}\\}/g), function (match0, match1) {","                    // jslint-hack","                    String(match0);","                    switch (match1) {","                    case 'npm_package_description':","                        return 'the greatest app in the world!';","                    case 'npm_package_name':","                        return 'my-app';","                    case 'npm_package_nameAlias':","                        return 'my_app';","                    case 'npm_package_version':","                        return '0.0.1';","                    }","                });","        }","        // run the cli","        if (local.global.utility2_rollup || module !== require.main) {","            break;","        }","        local.assetsDict['/assets.example.js'] =","            local.assetsDict['/assets.example.js'] ||","            local.fs.readFileSync(__filename, 'utf8');","        // bug-workaround - long $npm_package_buildCustomOrg","        /* jslint-ignore-begin */","        local.assetsDict['/assets.npmtest_log_io.rollup.js'] =","            local.assetsDict['/assets.npmtest_log_io.rollup.js'] ||","            local.fs.readFileSync(","                local.npmtest_log_io.__dirname + '/lib.npmtest_log_io.js',","                'utf8'","            ).replace((/^#!/), '//');","        /* jslint-ignore-end */","        local.assetsDict['/favicon.ico'] = local.assetsDict['/favicon.ico'] || '';","        // if $npm_config_timeout_exit exists,","        // then exit this process after $npm_config_timeout_exit ms","        if (Number(process.env.npm_config_timeout_exit)) {","            setTimeout(process.exit, Number(process.env.npm_config_timeout_exit));","        }","        // start server","        if (local.global.utility2_serverHttp1) {","            break;","        }","        process.env.PORT = process.env.PORT || '8081';","        console.error('server starting on port ' + process.env.PORT);","        local.http.createServer(function (request, response) {","            request.urlParsed = local.url.parse(request.url);","            if (local.assetsDict[request.urlParsed.pathname] !== undefined) {","                response.end(local.assetsDict[request.urlParsed.pathname]);","                return;","            }","            response.statusCode = 404;","            response.end();","        }).listen(process.env.PORT);","        break;","    }","}());",""],"l":{"26":2,"28":2,"33":2,"35":2,"37":2,"38":2,"39":2,"44":1,"51":2,"55":2,"59":2,"61":2,"69":1,"70":2,"76":2,"79":2,"82":2,"83":2,"85":1,"89":2,"92":1,"93":1,"94":1,"96":1,"97":1,"100":1,"101":1,"103":1,"106":1,"108":2,"114":1,"116":1,"118":1,"123":1,"124":2,"125":2,"126":3,"127":3,"128":3,"129":3,"130":1,"133":3,"134":3,"139":3,"143":1,"144":3,"145":1,"149":1,"150":1,"158":1,"160":1,"161":1,"162":1,"164":1,"166":1,"258":1,"259":1,"271":1,"274":6,"275":6,"277":1,"279":2,"281":1,"283":2,"288":1,"289":1,"291":1,"296":1,"303":1,"306":1,"307":1,"310":1,"311":1,"313":1,"314":1,"315":1,"316":1,"317":1,"318":1,"319":1,"321":1,"322":1,"324":1}},"/home/travis/build/npmtest/node-npmtest-log.io/node_modules/log.io/index.js":{"path":"/home/travis/build/npmtest/node-npmtest-log.io/node_modules/log.io/index.js","s":{"1":1},"b":{},"f":{},"fnMap":{},"statementMap":{"1":{"start":{"line":1,"column":0},"end":{"line":5,"column":1}}},"branchMap":{},"code":["module.exports = {","  LogHarvester: require('./lib/harvester.js').LogHarvester,","  LogServer: require('./lib/server.js').LogServer,","  WebServer: require('./lib/server.js').WebServer","}"],"l":{"1":1}},"/home/travis/build/npmtest/node-npmtest-log.io/node_modules/log.io/lib/harvester.js":{"path":"/home/travis/build/npmtest/node-npmtest-log.io/node_modules/log.io/lib/harvester.js","s":{"1":1,"2":1,"3":1,"4":5,"5":5,"6":1,"7":1,"8":1,"9":1,"10":1,"11":1,"12":1,"13":1,"14":1,"15":1,"16":1,"17":1,"18":1,"19":0,"20":0,"21":0,"22":1,"23":0,"24":0,"25":0,"26":0,"27":0,"28":0,"29":0,"30":1,"31":0,"32":0,"33":0,"34":0,"35":0,"36":0,"37":0,"38":0,"39":0,"40":0,"41":0,"42":0,"43":0,"44":0,"45":0,"46":0,"47":1,"48":0,"49":0,"50":0,"51":0,"52":0,"53":0,"54":0,"55":0,"56":0,"57":0,"58":0,"59":0,"60":0,"61":1,"62":1,"63":1,"64":0,"65":0,"66":0,"67":0,"68":0,"69":0,"70":0,"71":0,"72":0,"73":0,"74":0,"75":0,"76":1,"77":0,"78":0,"79":0,"80":0,"81":0,"82":0,"83":1,"84":0,"85":0,"86":0,"87":0,"88":0,"89":0,"90":0,"91":0,"92":0,"93":0,"94":0,"95":1,"96":0,"97":0,"98":1,"99":0,"100":0,"101":0,"102":0,"103":0,"104":0,"105":0,"106":0,"107":0,"108":0,"109":0,"110":0,"111":1,"112":0,"113":0,"114":0,"115":1,"116":1},"b":{"1":[5,0],"2":[0,0],"3":[0,0],"4":[0,0],"5":[0,0],"6":[0,0],"7":[0,0],"8":[0,0],"9":[0,0],"10":[0,0]},"f":{"1":1,"2":1,"3":1,"4":1,"5":0,"6":0,"7":0,"8":0,"9":0,"10":0,"11":0,"12":0,"13":1,"14":0,"15":0,"16":0,"17":0,"18":0,"19":0,"20":0,"21":0,"22":0,"23":0,"24":0,"25":0,"26":0},"fnMap":{"1":{"name":"(anonymous_1)","line":30,"loc":{"start":{"line":30,"column":1},"end":{"line":30,"column":12}}},"2":{"name":"(anonymous_2)","line":33,"loc":{"start":{"line":33,"column":16},"end":{"line":33,"column":40}}},"3":{"name":"ctor","line":33,"loc":{"start":{"line":33,"column":129},"end":{"line":33,"column":145}}},"4":{"name":"(anonymous_4)","line":50,"loc":{"start":{"line":50,"column":15},"end":{"line":50,"column":32}}},"5":{"name":"LogStream","line":54,"loc":{"start":{"line":54,"column":4},"end":{"line":54,"column":42}}},"6":{"name":"(anonymous_6)","line":60,"loc":{"start":{"line":60,"column":32},"end":{"line":60,"column":43}}},"7":{"name":"(anonymous_7)","line":71,"loc":{"start":{"line":71,"column":37},"end":{"line":71,"column":52}}},"8":{"name":"(anonymous_8)","line":76,"loc":{"start":{"line":76,"column":20},"end":{"line":76,"column":31}}},"9":{"name":"(anonymous_9)","line":83,"loc":{"start":{"line":83,"column":38},"end":{"line":83,"column":64}}},"10":{"name":"(anonymous_10)","line":89,"loc":{"start":{"line":89,"column":31},"end":{"line":89,"column":51}}},"11":{"name":"(anonymous_11)","line":97,"loc":{"start":{"line":97,"column":39},"end":{"line":97,"column":66}}},"12":{"name":"(anonymous_12)","line":108,"loc":{"start":{"line":108,"column":32},"end":{"line":108,"column":47}}},"13":{"name":"(anonymous_13)","line":134,"loc":{"start":{"line":134,"column":18},"end":{"line":134,"column":29}}},"14":{"name":"LogHarvester","line":136,"loc":{"start":{"line":136,"column":4},"end":{"line":136,"column":34}}},"15":{"name":"(anonymous_15)","line":141,"loc":{"start":{"line":141,"column":25},"end":{"line":141,"column":36}}},"16":{"name":"(anonymous_16)","line":153,"loc":{"start":{"line":153,"column":33},"end":{"line":153,"column":44}}},"17":{"name":"(anonymous_17)","line":156,"loc":{"start":{"line":156,"column":37},"end":{"line":156,"column":54}}},"18":{"name":"(anonymous_18)","line":157,"loc":{"start":{"line":157,"column":44},"end":{"line":157,"column":58}}},"19":{"name":"(anonymous_19)","line":165,"loc":{"start":{"line":165,"column":38},"end":{"line":165,"column":49}}},"20":{"name":"(anonymous_20)","line":168,"loc":{"start":{"line":168,"column":30},"end":{"line":168,"column":46}}},"21":{"name":"(anonymous_21)","line":171,"loc":{"start":{"line":171,"column":27},"end":{"line":171,"column":38}}},"22":{"name":"(anonymous_22)","line":176,"loc":{"start":{"line":176,"column":69},"end":{"line":176,"column":80}}},"23":{"name":"(anonymous_23)","line":182,"loc":{"start":{"line":182,"column":38},"end":{"line":182,"column":60}}},"24":{"name":"(anonymous_24)","line":187,"loc":{"start":{"line":187,"column":39},"end":{"line":187,"column":50}}},"25":{"name":"(anonymous_25)","line":189,"loc":{"start":{"line":189,"column":17},"end":{"line":189,"column":28}}},"26":{"name":"(anonymous_26)","line":204,"loc":{"start":{"line":204,"column":35},"end":{"line":204,"column":46}}}},"statementMap":{"1":{"start":{"line":30,"column":0},"end":{"line":216,"column":14}},"2":{"start":{"line":31,"column":2},"end":{"line":34,"column":23}},"3":{"start":{"line":33,"column":42},"end":{"line":33,"column":128}},"4":{"start":{"line":33,"column":68},"end":{"line":33,"column":126}},"5":{"start":{"line":33,"column":101},"end":{"line":33,"column":126}},"6":{"start":{"line":33,"column":129},"end":{"line":33,"column":174}},"7":{"start":{"line":33,"column":147},"end":{"line":33,"column":172}},"8":{"start":{"line":33,"column":175},"end":{"line":33,"column":209}},"9":{"start":{"line":33,"column":210},"end":{"line":33,"column":239}},"10":{"start":{"line":33,"column":240},"end":{"line":33,"column":275}},"11":{"start":{"line":33,"column":276},"end":{"line":33,"column":289}},"12":{"start":{"line":36,"column":2},"end":{"line":36,"column":21}},"13":{"start":{"line":38,"column":2},"end":{"line":38,"column":23}},"14":{"start":{"line":40,"column":2},"end":{"line":40,"column":29}},"15":{"start":{"line":42,"column":2},"end":{"line":42,"column":31}},"16":{"start":{"line":50,"column":2},"end":{"line":124,"column":26}},"17":{"start":{"line":52,"column":4},"end":{"line":52,"column":33}},"18":{"start":{"line":54,"column":4},"end":{"line":58,"column":5}},"19":{"start":{"line":55,"column":6},"end":{"line":55,"column":23}},"20":{"start":{"line":56,"column":6},"end":{"line":56,"column":25}},"21":{"start":{"line":57,"column":6},"end":{"line":57,"column":23}},"22":{"start":{"line":60,"column":4},"end":{"line":69,"column":6}},"23":{"start":{"line":61,"column":6},"end":{"line":61,"column":31}},"24":{"start":{"line":62,"column":6},"end":{"line":62,"column":65}},"25":{"start":{"line":63,"column":6},"end":{"line":63,"column":24}},"26":{"start":{"line":64,"column":6},"end":{"line":67,"column":7}},"27":{"start":{"line":65,"column":8},"end":{"line":65,"column":24}},"28":{"start":{"line":66,"column":8},"end":{"line":66,"column":30}},"29":{"start":{"line":68,"column":6},"end":{"line":68,"column":18}},"30":{"start":{"line":71,"column":4},"end":{"line":95,"column":6}},"31":{"start":{"line":72,"column":6},"end":{"line":73,"column":21}},"32":{"start":{"line":74,"column":6},"end":{"line":80,"column":7}},"33":{"start":{"line":75,"column":8},"end":{"line":75,"column":62}},"34":{"start":{"line":76,"column":8},"end":{"line":78,"column":18}},"35":{"start":{"line":77,"column":10},"end":{"line":77,"column":40}},"36":{"start":{"line":79,"column":8},"end":{"line":79,"column":15}},"37":{"start":{"line":81,"column":6},"end":{"line":81,"column":54}},"38":{"start":{"line":82,"column":6},"end":{"line":82,"column":40}},"39":{"start":{"line":83,"column":6},"end":{"line":94,"column":9}},"40":{"start":{"line":84,"column":8},"end":{"line":87,"column":9}},"41":{"start":{"line":85,"column":10},"end":{"line":85,"column":26}},"42":{"start":{"line":86,"column":10},"end":{"line":86,"column":33}},"43":{"start":{"line":88,"column":8},"end":{"line":93,"column":9}},"44":{"start":{"line":89,"column":10},"end":{"line":92,"column":13}},"45":{"start":{"line":90,"column":12},"end":{"line":90,"column":58}},"46":{"start":{"line":91,"column":12},"end":{"line":91,"column":40}},"47":{"start":{"line":97,"column":4},"end":{"line":120,"column":6}},"48":{"start":{"line":98,"column":6},"end":{"line":99,"column":21}},"49":{"start":{"line":100,"column":6},"end":{"line":102,"column":7}},"50":{"start":{"line":101,"column":8},"end":{"line":101,"column":15}},"51":{"start":{"line":103,"column":6},"end":{"line":107,"column":9}},"52":{"start":{"line":108,"column":6},"end":{"line":119,"column":9}},"53":{"start":{"line":109,"column":8},"end":{"line":109,"column":44}},"54":{"start":{"line":110,"column":8},"end":{"line":110,"column":33}},"55":{"start":{"line":111,"column":8},"end":{"line":111,"column":22}},"56":{"start":{"line":112,"column":8},"end":{"line":117,"column":9}},"57":{"start":{"line":113,"column":10},"end":{"line":113,"column":27}},"58":{"start":{"line":114,"column":10},"end":{"line":116,"column":11}},"59":{"start":{"line":115,"column":12},"end":{"line":115,"column":55}},"60":{"start":{"line":118,"column":8},"end":{"line":118,"column":24}},"61":{"start":{"line":122,"column":4},"end":{"line":122,"column":21}},"62":{"start":{"line":134,"column":2},"end":{"line":212,"column":7}},"63":{"start":{"line":136,"column":4},"end":{"line":151,"column":5}},"64":{"start":{"line":137,"column":6},"end":{"line":137,"column":32}},"65":{"start":{"line":138,"column":6},"end":{"line":138,"column":67}},"66":{"start":{"line":139,"column":6},"end":{"line":139,"column":69}},"67":{"start":{"line":140,"column":6},"end":{"line":140,"column":69}},"68":{"start":{"line":141,"column":6},"end":{"line":150,"column":20}},"69":{"start":{"line":142,"column":8},"end":{"line":142,"column":28}},"70":{"start":{"line":143,"column":8},"end":{"line":143,"column":34}},"71":{"start":{"line":144,"column":8},"end":{"line":144,"column":22}},"72":{"start":{"line":145,"column":8},"end":{"line":148,"column":9}},"73":{"start":{"line":146,"column":10},"end":{"line":146,"column":27}},"74":{"start":{"line":147,"column":10},"end":{"line":147,"column":60}},"75":{"start":{"line":149,"column":8},"end":{"line":149,"column":24}},"76":{"start":{"line":153,"column":4},"end":{"line":163,"column":6}},"77":{"start":{"line":154,"column":6},"end":{"line":154,"column":23}},"78":{"start":{"line":155,"column":6},"end":{"line":155,"column":22}},"79":{"start":{"line":156,"column":6},"end":{"line":162,"column":9}},"80":{"start":{"line":157,"column":8},"end":{"line":161,"column":11}},"81":{"start":{"line":158,"column":10},"end":{"line":160,"column":11}},"82":{"start":{"line":159,"column":12},"end":{"line":159,"column":47}},"83":{"start":{"line":165,"column":4},"end":{"line":180,"column":6}},"84":{"start":{"line":166,"column":6},"end":{"line":166,"column":23}},"85":{"start":{"line":167,"column":6},"end":{"line":167,"column":35}},"86":{"start":{"line":168,"column":6},"end":{"line":174,"column":9}},"87":{"start":{"line":169,"column":8},"end":{"line":169,"column":33}},"88":{"start":{"line":170,"column":8},"end":{"line":170,"column":70}},"89":{"start":{"line":171,"column":8},"end":{"line":173,"column":18}},"90":{"start":{"line":172,"column":10},"end":{"line":172,"column":34}},"91":{"start":{"line":175,"column":6},"end":{"line":175,"column":48}},"92":{"start":{"line":176,"column":6},"end":{"line":179,"column":9}},"93":{"start":{"line":177,"column":8},"end":{"line":177,"column":32}},"94":{"start":{"line":178,"column":8},"end":{"line":178,"column":33}},"95":{"start":{"line":182,"column":4},"end":{"line":185,"column":6}},"96":{"start":{"line":183,"column":6},"end":{"line":183,"column":67}},"97":{"start":{"line":184,"column":6},"end":{"line":184,"column":73}},"98":{"start":{"line":187,"column":4},"end":{"line":202,"column":6}},"99":{"start":{"line":188,"column":6},"end":{"line":188,"column":20}},"100":{"start":{"line":189,"column":6},"end":{"line":198,"column":31}},"101":{"start":{"line":190,"column":8},"end":{"line":190,"column":37}},"102":{"start":{"line":191,"column":8},"end":{"line":191,"column":31}},"103":{"start":{"line":192,"column":8},"end":{"line":192,"column":22}},"104":{"start":{"line":193,"column":8},"end":{"line":196,"column":9}},"105":{"start":{"line":194,"column":10},"end":{"line":194,"column":23}},"106":{"start":{"line":195,"column":10},"end":{"line":195,"column":32}},"107":{"start":{"line":197,"column":8},"end":{"line":197,"column":24}},"108":{"start":{"line":199,"column":6},"end":{"line":199,"column":75}},"109":{"start":{"line":200,"column":6},"end":{"line":200,"column":49}},"110":{"start":{"line":201,"column":6},"end":{"line":201,"column":56}},"111":{"start":{"line":204,"column":4},"end":{"line":208,"column":6}},"112":{"start":{"line":205,"column":6},"end":{"line":205,"column":22}},"113":{"start":{"line":206,"column":6},"end":{"line":206,"column":91}},"114":{"start":{"line":207,"column":6},"end":{"line":207,"column":81}},"115":{"start":{"line":210,"column":4},"end":{"line":210,"column":24}},"116":{"start":{"line":214,"column":2},"end":{"line":214,"column":38}}},"branchMap":{"1":{"line":33,"type":"if","locations":[{"start":{"line":33,"column":68},"end":{"line":33,"column":68}},{"start":{"line":33,"column":68},"end":{"line":33,"column":68}}]},"2":{"line":74,"type":"if","locations":[{"start":{"line":74,"column":6},"end":{"line":74,"column":6}},{"start":{"line":74,"column":6},"end":{"line":74,"column":6}}]},"3":{"line":84,"type":"if","locations":[{"start":{"line":84,"column":8},"end":{"line":84,"column":8}},{"start":{"line":84,"column":8},"end":{"line":84,"column":8}}]},"4":{"line":88,"type":"if","locations":[{"start":{"line":88,"column":8},"end":{"line":88,"column":8}},{"start":{"line":88,"column":8},"end":{"line":88,"column":8}}]},"5":{"line":100,"type":"if","locations":[{"start":{"line":100,"column":6},"end":{"line":100,"column":6}},{"start":{"line":100,"column":6},"end":{"line":100,"column":6}}]},"6":{"line":114,"type":"if","locations":[{"start":{"line":114,"column":10},"end":{"line":114,"column":10}},{"start":{"line":114,"column":10},"end":{"line":114,"column":10}}]},"7":{"line":139,"type":"cond-expr","locations":[{"start":{"line":139,"column":55},"end":{"line":139,"column":59}},{"start":{"line":139,"column":62},"end":{"line":139,"column":68}}]},"8":{"line":140,"type":"cond-expr","locations":[{"start":{"line":140,"column":53},"end":{"line":140,"column":58}},{"start":{"line":140,"column":61},"end":{"line":140,"column":68}}]},"9":{"line":158,"type":"if","locations":[{"start":{"line":158,"column":10},"end":{"line":158,"column":10}},{"start":{"line":158,"column":10},"end":{"line":158,"column":10}}]},"10":{"line":206,"type":"cond-expr","locations":[{"start":{"line":206,"column":59},"end":{"line":206,"column":85}},{"start":{"line":206,"column":88},"end":{"line":206,"column":90}}]}},"code":["// Generated by CoffeeScript 1.4.0","","/* Log.io Log Harvester","","Watches local files and sends new log message to server via TCP.","","# Sample configuration:","config =","  nodeName: 'my_server01'","  logStreams:","    web_server: [","      '/var/log/nginx/access.log',","      '/var/log/nginx/error.log'","    ],","  server:","    host: '0.0.0.0',","    port: 28777","","# Sends the following TCP messages to the server:","\"+node|my_server01|web_server\\r\\n\"","\"+bind|node|my_server01\\r\\n\"","\"+log|web_server|my_server01|info|this is log messages\\r\\n\"","","# Usage:","harvester = new LogHarvester config","harvester.run()","*/","","","(function() {","  var LogHarvester, LogStream, events, fs, net, winston,","    __hasProp = {}.hasOwnProperty,","    __extends = function(child, parent) { for (var key in parent) { if (__hasProp.call(parent, key)) child[key] = parent[key]; } function ctor() { this.constructor = child; } ctor.prototype = parent.prototype; child.prototype = new ctor(); child.__super__ = parent.prototype; return child; },","    __slice = [].slice;","","  fs = require('fs');","","  net = require('net');","","  events = require('events');","","  winston = require('winston');","","  /*","  LogStream is a group of local files paths.  It watches each file for","  changes, extracts new log messages, and emits 'new_log' events.","  */","","","  LogStream = (function(_super) {","","    __extends(LogStream, _super);","","    function LogStream(name, paths, _log) {","      this.name = name;","      this.paths = paths;","      this._log = _log;","    }","","    LogStream.prototype.watch = function() {","      var path, _i, _len, _ref;","      this._log.info(\"Starting log stream: '\" + this.name + \"'\");","      _ref = this.paths;","      for (_i = 0, _len = _ref.length; _i < _len; _i++) {","        path = _ref[_i];","        this._watchFile(path);","      }","      return this;","    };","","    LogStream.prototype._watchFile = function(path) {","      var currSize, watcher,","        _this = this;","      if (!fs.existsSync(path)) {","        this._log.error(\"File doesn't exist: '\" + path + \"'\");","        setTimeout((function() {","          return _this._watchFile(path);","        }), 1000);","        return;","      }","      this._log.info(\"Watching file: '\" + path + \"'\");","      currSize = fs.statSync(path).size;","      return watcher = fs.watch(path, function(event, filename) {","        if (event === 'rename') {","          watcher.close();","          _this._watchFile(path);","        }","        if (event === 'change') {","          return fs.stat(path, function(err, stat) {","            _this._readNewLogs(path, stat.size, currSize);","            return currSize = stat.size;","          });","        }","      });","    };","","    LogStream.prototype._readNewLogs = function(path, curr, prev) {","      var rstream,","        _this = this;","      if (curr < prev) {","        return;","      }","      rstream = fs.createReadStream(path, {","        encoding: 'utf8',","        start: prev,","        end: curr","      });","      return rstream.on('data', function(data) {","        var line, lines, _i, _len, _results;","        lines = data.split(\"\\n\");","        _results = [];","        for (_i = 0, _len = lines.length; _i < _len; _i++) {","          line = lines[_i];","          if (line) {","            _results.push(_this.emit('new_log', line));","          }","        }","        return _results;","      });","    };","","    return LogStream;","","  })(events.EventEmitter);","","  /*","  LogHarvester creates LogStreams and opens a persistent TCP connection to the server.","  ","  On startup it announces itself as Node with Stream associations.","  Log messages are sent to the server via string-delimited TCP messages","  */","","","  LogHarvester = (function() {","","    function LogHarvester(config) {","      var paths, s, _ref, _ref1;","      this.nodeName = config.nodeName, this.server = config.server;","      this.delim = (_ref = config.delimiter) != null ? _ref : '\\r\\n';","      this._log = (_ref1 = config.logging) != null ? _ref1 : winston;","      this.logStreams = (function() {","        var _ref2, _results;","        _ref2 = config.logStreams;","        _results = [];","        for (s in _ref2) {","          paths = _ref2[s];","          _results.push(new LogStream(s, paths, this._log));","        }","        return _results;","      }).call(this);","    }","","    LogHarvester.prototype.run = function() {","      var _this = this;","      this._connect();","      return this.logStreams.forEach(function(stream) {","        return stream.watch().on('new_log', function(msg) {","          if (_this._connected) {","            return _this._sendLog(stream, msg);","          }","        });","      });","    };","","    LogHarvester.prototype._connect = function() {","      var _this = this;","      this.socket = new net.Socket;","      this.socket.on('error', function(error) {","        _this._connected = false;","        _this._log.error(\"Unable to connect server, trying again...\");","        return setTimeout((function() {","          return _this._connect();","        }), 2000);","      });","      this._log.info(\"Connecting to server...\");","      return this.socket.connect(this.server.port, this.server.host, function() {","        _this._connected = true;","        return _this._announce();","      });","    };","","    LogHarvester.prototype._sendLog = function(stream, msg) {","      this._log.debug(\"Sending log: (\" + stream.name + \") \" + msg);","      return this._send('+log', stream.name, this.nodeName, 'info', msg);","    };","","    LogHarvester.prototype._announce = function() {","      var l, snames;","      snames = ((function() {","        var _i, _len, _ref, _results;","        _ref = this.logStreams;","        _results = [];","        for (_i = 0, _len = _ref.length; _i < _len; _i++) {","          l = _ref[_i];","          _results.push(l.name);","        }","        return _results;","      }).call(this)).join(\",\");","      this._log.info(\"Announcing: \" + this.nodeName + \" (\" + snames + \")\");","      this._send('+node', this.nodeName, snames);","      return this._send('+bind', 'node', this.nodeName);","    };","","    LogHarvester.prototype._send = function() {","      var args, mtype;","      mtype = arguments[0], args = 2 <= arguments.length ? __slice.call(arguments, 1) : [];","      return this.socket.write(\"\" + mtype + \"|\" + (args.join('|')) + this.delim);","    };","","    return LogHarvester;","","  })();","","  exports.LogHarvester = LogHarvester;","","}).call(this);",""],"l":{"30":1,"31":1,"33":5,"36":1,"38":1,"40":1,"42":1,"50":1,"52":1,"54":1,"55":0,"56":0,"57":0,"60":1,"61":0,"62":0,"63":0,"64":0,"65":0,"66":0,"68":0,"71":1,"72":0,"74":0,"75":0,"76":0,"77":0,"79":0,"81":0,"82":0,"83":0,"84":0,"85":0,"86":0,"88":0,"89":0,"90":0,"91":0,"97":1,"98":0,"100":0,"101":0,"103":0,"108":0,"109":0,"110":0,"111":0,"112":0,"113":0,"114":0,"115":0,"118":0,"122":1,"134":1,"136":1,"137":0,"138":0,"139":0,"140":0,"141":0,"142":0,"143":0,"144":0,"145":0,"146":0,"147":0,"149":0,"153":1,"154":0,"155":0,"156":0,"157":0,"158":0,"159":0,"165":1,"166":0,"167":0,"168":0,"169":0,"170":0,"171":0,"172":0,"175":0,"176":0,"177":0,"178":0,"182":1,"183":0,"184":0,"187":1,"188":0,"189":0,"190":0,"191":0,"192":0,"193":0,"194":0,"195":0,"197":0,"199":0,"200":0,"201":0,"204":1,"205":0,"206":0,"207":0,"210":1,"214":1}},"/home/travis/build/npmtest/node-npmtest-log.io/node_modules/log.io/lib/server.js":{"path":"/home/travis/build/npmtest/node-npmtest-log.io/node_modules/log.io/lib/server.js","s":{"1":1,"2":1,"3":3,"4":5,"5":5,"6":1,"7":3,"8":3,"9":3,"10":3,"11":3,"12":0,"13":0,"14":1,"15":1,"16":1,"17":1,"18":1,"19":1,"20":1,"21":1,"22":1,"23":1,"24":1,"25":1,"26":1,"27":0,"28":0,"29":0,"30":0,"31":0,"32":0,"33":0,"34":0,"35":0,"36":0,"37":0,"38":0,"39":1,"40":0,"41":0,"42":0,"43":0,"44":0,"45":0,"46":0,"47":1,"48":0,"49":0,"50":0,"51":0,"52":0,"53":0,"54":0,"55":0,"56":1,"57":0,"58":0,"59":0,"60":0,"61":0,"62":0,"63":0,"64":0,"65":0,"66":1,"67":1,"68":1,"69":1,"70":0,"71":1,"72":1,"73":0,"74":1,"75":0,"76":1,"77":1,"78":1,"79":1,"80":0,"81":1,"82":1,"83":0,"84":1,"85":0,"86":1,"87":1,"88":1,"89":1,"90":0,"91":0,"92":0,"93":0,"94":0,"95":0,"96":0,"97":0,"98":0,"99":0,"100":1,"101":0,"102":0,"103":0,"104":0,"105":0,"106":0,"107":0,"108":0,"109":0,"110":0,"111":1,"112":0,"113":0,"114":0,"115":0,"116":1,"117":0,"118":0,"119":0,"120":0,"121":0,"122":0,"123":1,"124":0,"125":0,"126":0,"127":0,"128":0,"129":0,"130":0,"131":0,"132":0,"133":1,"134":0,"135":0,"136":0,"137":0,"138":0,"139":0,"140":0,"141":0,"142":0,"143":0,"144":0,"145":1,"146":0,"147":0,"148":0,"149":1,"150":0,"151":0,"152":0,"153":1,"154":0,"155":1,"156":0,"157":1,"158":0,"159":0,"160":0,"161":0,"162":0,"163":0,"164":0,"165":1,"166":0,"167":0,"168":0,"169":0,"170":0,"171":0,"172":0,"173":0,"174":0,"175":0,"176":1,"177":0,"178":0,"179":0,"180":0,"181":0,"182":1,"183":0,"184":0,"185":0,"186":0,"187":0,"188":1,"189":0,"190":0,"191":0,"192":0,"193":0,"194":1,"195":1,"196":1,"197":0,"198":0,"199":0,"200":0,"201":0,"202":0,"203":0,"204":0,"205":1,"206":0,"207":0,"208":0,"209":0,"210":0,"211":0,"212":0,"213":0,"214":0,"215":0,"216":0,"217":0,"218":1,"219":0,"220":0,"221":0,"222":1,"223":0,"224":0,"225":0,"226":0,"227":0,"228":0,"229":0,"230":0,"231":0,"232":0,"233":0,"234":0,"235":0,"236":0,"237":0,"238":0,"239":0,"240":0,"241":0,"242":0,"243":0,"244":0,"245":0,"246":0,"247":0,"248":0,"249":0,"250":0,"251":0,"252":0,"253":0,"254":0,"255":0,"256":0,"257":0,"258":0,"259":0,"260":0,"261":0,"262":0,"263":0,"264":0,"265":0,"266":0,"267":0,"268":0,"269":0,"270":0,"271":0,"272":0,"273":0,"274":0,"275":1,"276":1,"277":1},"b":{"1":[5,0],"2":[0,0],"3":[0,0],"4":[0,0],"5":[0,0],"6":[0,0],"7":[0,0],"8":[0,0],"9":[0,0],"10":[0,0],"11":[0,0],"12":[0,0,0,0,0,0,0],"13":[0,0],"14":[0,0],"15":[0,0],"16":[0,0],"17":[0,0],"18":[0,0],"19":[0,0],"20":[0,0],"21":[0,0],"22":[0,0],"23":[0,0],"24":[0,0],"25":[0,0],"26":[0,0],"27":[0,0],"28":[0,0],"29":[0,0],"30":[0,0]},"f":{"1":1,"2":3,"3":3,"4":0,"5":0,"6":1,"7":0,"8":0,"9":0,"10":0,"11":0,"12":0,"13":0,"14":1,"15":0,"16":0,"17":0,"18":1,"19":0,"20":0,"21":0,"22":1,"23":0,"24":0,"25":0,"26":0,"27":0,"28":0,"29":0,"30":0,"31":0,"32":0,"33":0,"34":0,"35":0,"36":0,"37":0,"38":0,"39":0,"40":0,"41":0,"42":0,"43":1,"44":0,"45":0,"46":0,"47":0,"48":0,"49":0,"50":0,"51":0,"52":0,"53":0,"54":0,"55":0,"56":0,"57":0,"58":0,"59":0,"60":0},"fnMap":{"1":{"name":"(anonymous_1)","line":32,"loc":{"start":{"line":32,"column":1},"end":{"line":32,"column":12}}},"2":{"name":"(anonymous_2)","line":35,"loc":{"start":{"line":35,"column":16},"end":{"line":35,"column":40}}},"3":{"name":"ctor","line":35,"loc":{"start":{"line":35,"column":129},"end":{"line":35,"column":145}}},"4":{"name":"(anonymous_4)","line":36,"loc":{"start":{"line":36,"column":13},"end":{"line":36,"column":29}}},"5":{"name":"(anonymous_5)","line":36,"loc":{"start":{"line":36,"column":38},"end":{"line":36,"column":48}}},"6":{"name":"(anonymous_6)","line":55,"loc":{"start":{"line":55,"column":16},"end":{"line":55,"column":27}}},"7":{"name":"(anonymous_7)","line":59,"loc":{"start":{"line":59,"column":35},"end":{"line":59,"column":46}}},"8":{"name":"(anonymous_8)","line":61,"loc":{"start":{"line":61,"column":40},"end":{"line":61,"column":51}}},"9":{"name":"_LogObject","line":63,"loc":{"start":{"line":63,"column":4},"end":{"line":63,"column":49}}},"10":{"name":"(anonymous_10)","line":80,"loc":{"start":{"line":80,"column":35},"end":{"line":80,"column":51}}},"11":{"name":"(anonymous_11)","line":92,"loc":{"start":{"line":92,"column":34},"end":{"line":92,"column":45}}},"12":{"name":"(anonymous_12)","line":104,"loc":{"start":{"line":104,"column":34},"end":{"line":104,"column":45}}},"13":{"name":"(anonymous_13)","line":108,"loc":{"start":{"line":108,"column":16},"end":{"line":108,"column":27}}},"14":{"name":"(anonymous_14)","line":125,"loc":{"start":{"line":125,"column":13},"end":{"line":125,"column":30}}},"15":{"name":"LogNode","line":129,"loc":{"start":{"line":129,"column":4},"end":{"line":129,"column":23}}},"16":{"name":"(anonymous_16)","line":135,"loc":{"start":{"line":135,"column":32},"end":{"line":135,"column":43}}},"17":{"name":"(anonymous_17)","line":139,"loc":{"start":{"line":139,"column":37},"end":{"line":139,"column":48}}},"18":{"name":"(anonymous_18)","line":147,"loc":{"start":{"line":147,"column":15},"end":{"line":147,"column":32}}},"19":{"name":"LogStream","line":151,"loc":{"start":{"line":151,"column":4},"end":{"line":151,"column":25}}},"20":{"name":"(anonymous_20)","line":157,"loc":{"start":{"line":157,"column":34},"end":{"line":157,"column":45}}},"21":{"name":"(anonymous_21)","line":161,"loc":{"start":{"line":161,"column":39},"end":{"line":161,"column":50}}},"22":{"name":"(anonymous_22)","line":175,"loc":{"start":{"line":175,"column":15},"end":{"line":175,"column":32}}},"23":{"name":"LogServer","line":179,"loc":{"start":{"line":179,"column":4},"end":{"line":179,"column":31}}},"24":{"name":"(anonymous_24)","line":195,"loc":{"start":{"line":195,"column":30},"end":{"line":195,"column":41}}},"25":{"name":"(anonymous_25)","line":197,"loc":{"start":{"line":197,"column":39},"end":{"line":197,"column":56}}},"26":{"name":"(anonymous_26)","line":199,"loc":{"start":{"line":199,"column":26},"end":{"line":199,"column":41}}},"27":{"name":"(anonymous_27)","line":202,"loc":{"start":{"line":202,"column":27},"end":{"line":202,"column":38}}},"28":{"name":"(anonymous_28)","line":205,"loc":{"start":{"line":205,"column":34},"end":{"line":205,"column":45}}},"29":{"name":"(anonymous_29)","line":212,"loc":{"start":{"line":212,"column":36},"end":{"line":212,"column":53}}},"30":{"name":"(anonymous_30)","line":220,"loc":{"start":{"line":220,"column":35},"end":{"line":220,"column":58}}},"31":{"name":"(anonymous_31)","line":230,"loc":{"start":{"line":230,"column":33},"end":{"line":230,"column":50}}},"32":{"name":"(anonymous_32)","line":243,"loc":{"start":{"line":243,"column":34},"end":{"line":243,"column":56}}},"33":{"name":"(anonymous_33)","line":265,"loc":{"start":{"line":265,"column":35},"end":{"line":265,"column":59}}},"34":{"name":"(anonymous_34)","line":272,"loc":{"start":{"line":272,"column":37},"end":{"line":272,"column":61}}},"35":{"name":"(anonymous_35)","line":279,"loc":{"start":{"line":279,"column":38},"end":{"line":279,"column":54}}},"36":{"name":"(anonymous_36)","line":283,"loc":{"start":{"line":283,"column":40},"end":{"line":283,"column":56}}},"37":{"name":"(anonymous_37)","line":287,"loc":{"start":{"line":287,"column":34},"end":{"line":287,"column":45}}},"38":{"name":"(anonymous_38)","line":297,"loc":{"start":{"line":297,"column":32},"end":{"line":297,"column":88}}},"39":{"name":"(anonymous_39)","line":312,"loc":{"start":{"line":312,"column":35},"end":{"line":312,"column":72}}},"40":{"name":"(anonymous_40)","line":321,"loc":{"start":{"line":321,"column":36},"end":{"line":321,"column":65}}},"41":{"name":"(anonymous_41)","line":330,"loc":{"start":{"line":330,"column":32},"end":{"line":330,"column":49}}},"42":{"name":"(anonymous_42)","line":334,"loc":{"start":{"line":334,"column":27},"end":{"line":334,"column":38}}},"43":{"name":"(anonymous_43)","line":349,"loc":{"start":{"line":349,"column":15},"end":{"line":349,"column":26}}},"44":{"name":"WebServer","line":351,"loc":{"start":{"line":351,"column":4},"end":{"line":3
[...]
een.removePair(stream, node);","        }","      });","    };","","    ObjectGroupHeader.prototype._ping = function() {","      var _this = this;","      this.diode.addClass('ping');","      return setTimeout((function() {","        return _this.diode.removeClass('ping');","      }), 20);","    };","","    ObjectGroupHeader.prototype.render = function() {","      this.$el.html(this.template({","        getPair: this.getPair,","        object: this.object,","        logScreens: this.logScreens","      }));","      this.diode = this.$el.find('.diode');","      return this;","    };","","    return ObjectGroupHeader;","","  })(backbone.View);","","  ObjectItemControls = (function(_super) {","","    __extends(ObjectItemControls, _super);","","    function ObjectItemControls() {","      this._ping = __bind(this._ping, this);","","      this._toggleScreen = __bind(this._toggleScreen, this);","      return ObjectItemControls.__super__.constructor.apply(this, arguments);","    }","","    ObjectItemControls.prototype.className = 'item';","","    ObjectItemControls.prototype.template = _.template(templates.objectItemControls);","","    ObjectItemControls.prototype.initialize = function(opts) {","      var _ref,","        _this = this;","      this.item = opts.item, this.object = opts.object, this.logScreens = opts.logScreens;","      _ref = opts.getPair(this.object, this.item), this.stream = _ref[0], this.node = _ref[1];","      this.listenTo(this.logScreens, 'add remove', function() {","        return _this.render();","      });","      this.listenTo(this.item, 'destroy', function() {","        return _this.remove();","      });","      this.listenTo(this.stream, 'lwatch lunwatch', function() {","        return _this.render();","      });","      return this.listenTo(this.item, 'ping', this._ping);","    };","","    ObjectItemControls.prototype.events = {","      \"click input\": \"_toggleScreen\"","    };","","    ObjectItemControls.prototype._toggleScreen = function(e) {","      var checkbox, screen, screen_id;","      checkbox = $(e.currentTarget);","      screen_id = checkbox.attr('title').replace(/screen-/ig, '');","      screen = this.logScreens.get(screen_id);","      if (checkbox.is(':checked')) {","        return screen.addPair(this.stream, this.node);","      } else {","        return screen.removePair(this.stream, this.node);","      }","    };","","    ObjectItemControls.prototype._ping = function(object) {","      var _this = this;","      if (object === this.object) {","        this.diode.addClass('ping');","        return setTimeout((function() {","          return _this.diode.removeClass('ping');","        }), 20);","      }","    };","","    ObjectItemControls.prototype.render = function() {","      this.$el.html(this.template({","        item: this.item,","        stream: this.stream,","        node: this.node,","        logScreens: this.logScreens","      }));","      this.diode = this.$el.find('.diode');","      return this;","    };","","    return ObjectItemControls;","","  })(backbone.View);","","  LogScreensPanel = (function(_super) {","","    __extends(LogScreensPanel, _super);","","    function LogScreensPanel() {","      this._resize = __bind(this._resize, this);","","      this._addLogScreen = __bind(this._addLogScreen, this);","      return LogScreensPanel.__super__.constructor.apply(this, arguments);","    }","","    LogScreensPanel.prototype.template = _.template(templates.logScreensPanel);","","    LogScreensPanel.prototype.id = 'log_screens';","","    LogScreensPanel.prototype.initialize = function(opts) {","      this.logScreens = opts.logScreens, this.webClient = opts.webClient;","      this.listenTo(this.logScreens, 'add', this._addLogScreen);","      this.listenTo(this.logScreens, 'add remove', this._resize);","      if (typeof window !== \"undefined\" && window !== null) {","        $(window).resize(this._resize);","      }","      return this.statsView = new LogStatsView({","        stats: this.webClient.stats","      });","    };","","    LogScreensPanel.prototype.events = {","      \"click #new_screen_button\": \"_newScreen\"","    };","","    LogScreensPanel.prototype._newScreen = function(e) {","      this.logScreens.add(new this.logScreens.model({","        name: 'Screen1'","      }));","      return false;","    };","","    LogScreensPanel.prototype._addLogScreen = function(screen) {","      var view;","      view = new LogScreenView({","        logScreens: this.logScreens,","        logScreen: screen","      });","      this.$el.find(\"div.log_screens\").append(view.render().el);","      return false;","    };","","    LogScreensPanel.prototype._resize = function() {","      var height, lscreens;","      if (!(typeof window !== \"undefined\" && window !== null)) {","        return;","      }","      lscreens = this.logScreens;","      if (lscreens.length) {","        height = $(window).height() - this.$el.find(\"div.status_bar\").height() - 10;","        return this.$el.find(\".log_screen .messages\").each(function() {","          return $(this).height((height / lscreens.length) - 12);","        });","      }","    };","","    LogScreensPanel.prototype.render = function() {","      this.$el.html(this.template());","      this.$el.find('.stats').append(this.statsView.render().el);","      this._resize();","      return this;","    };","","    return LogScreensPanel;","","  })(backbone.View);","","  LogScreenView = (function(_super) {","","    __extends(LogScreenView, _super);","","    function LogScreenView() {","      this._renderMessages = __bind(this._renderMessages, this);","","      this._renderNewLog = __bind(this._renderNewLog, this);","","      this._recordScroll = __bind(this._recordScroll, this);","","      this._addNewLogMessage = __bind(this._addNewLogMessage, this);","","      this._filter = __bind(this._filter, this);","","      this.__filter = __bind(this.__filter, this);","","      this._clear = __bind(this._clear, this);","","      this._close = __bind(this._close, this);","      return LogScreenView.__super__.constructor.apply(this, arguments);","    }","","    LogScreenView.prototype.className = 'log_screen';","","    LogScreenView.prototype.template = _.template(templates.logScreenView);","","    LogScreenView.prototype.logTemplate = _.template(templates.logMessage);","","    LogScreenView.prototype.initialize = function(opts) {","      var _this = this;","      this.logScreen = opts.logScreen, this.logScreens = opts.logScreens;","      this.listenTo(this.logScreen, 'destroy', function() {","        return _this.remove();","      });","      this.listenTo(this.logScreen, 'new_log', this._addNewLogMessage);","      this.forceScroll = true;","      return this.filter = null;","    };","","    LogScreenView.prototype.events = {","      \"click .controls .close\": \"_close\",","      \"click .controls .clear\": \"_clear\"","    };","","    LogScreenView.prototype._close = function() {","      this.logScreen.logMessages.reset();","      this.logScreen.destroy();","      return false;","    };","","    LogScreenView.prototype._clear = function() {","      this.logScreen.logMessages.reset();","      this._renderMessages();","      return false;","    };","","    LogScreenView.prototype.__filter = function(e) {","      var input, wait, _filter_buffer,","        _this = this;","      input = $(e.currentTarget);","      _filter_buffer = input.val();","      wait = function() {","        if (_filter_buffer === input.val()) {","          return _this._filter(_filter_buffer);","        }","      };","      return setTimeout(wait, 350);","    };","","    LogScreenView.prototype._filter = function(filter) {","      this.filter = filter ? new RegExp(\"(\" + filter + \")\", 'ig') : null;","      return this._renderMessages();","    };","","    LogScreenView.prototype._addNewLogMessage = function(lmessage) {","      this.logScreen.logMessages.add(lmessage);","      return this._renderNewLog(lmessage);","    };","","    LogScreenView.prototype._recordScroll = function(e) {","      var msgs;","      msgs = this.$el.find('.messages');","      return this.forceScroll = (msgs.height() + msgs[0].scrollTop) === msgs[0].scrollHeight;","    };","","    LogScreenView.prototype._renderNewLog = function(lmessage) {","      var msg, _msg;","      _msg = lmessage.get('message');","      msg = lmessage.render_message();","      if (this.filter) {","        msg = _msg.match(this.filter) ? msg.replace(this.filter, '<span class=\"highlight\">$1</span>') : null;","      }","      if (msg) {","        this.msgs.append(this.logTemplate({","          lmessage: lmessage,","          msg: msg","        }));","        if (this.forceScroll) {","          return this.$el.find('.messages')[0].scrollTop = this.$el.find('.messages')[0].scrollHeight;","        }","      }","    };","","    LogScreenView.prototype._renderMessages = function() {","      this.msgs.html('');","      return this.logScreen.logMessages.forEach(this._renderNewLog);","    };","","    LogScreenView.prototype.render = function() {","      this.$el.html(this.template({","        logScreens: this.logScreens","      }));","      this.$el.find('.messages').scroll(this._recordScroll);","      this.$el.find('.controls .filter input').keyup(this.__filter);","      this.msgs = this.$el.find('.msg');","      this._renderMessages();","      return this;","    };","","    return LogScreenView;","","  })(backbone.View);","","  LogStatsView = (function(_super) {","","    __extends(LogStatsView, _super);","","    function LogStatsView() {","      return LogStatsView.__super__.constructor.apply(this, arguments);","    }","","    LogStatsView.prototype.template = _.template(templates.logStatsView);","","    LogStatsView.prototype.className = 'stats';","","    LogStatsView.prototype.initialize = function(opts) {","      var _this = this;","      this.stats = opts.stats;","      this.rendered = false;","      return setInterval((function() {","        if (_this.rendered) {","          return _this.render();","        }","      }), 1000);","    };","","    LogStatsView.prototype.render = function() {","      this.$el.html(this.template({","        stats: this.stats","      }));","      this.rendered = true;","      return this;","    };","","    return LogStatsView;","","  })(backbone.View);","","  exports.WebClient = WebClient;","","}).call(this);",""],"l":{"17":2,"18":2,"20":1,"22":0,"23":0,"25":2,"26":0,"28":2,"31":0,"33":0,"35":0,"37":0,"39":0,"41":0,"49":0,"51":0,"53":1,"54":0,"57":0,"58":0,"59":0,"61":0,"64":0,"68":0,"77":0,"79":0,"81":0,"83":0,"84":0,"87":0,"88":0,"89":0,"92":1,"93":0,"94":0,"95":0,"96":0,"97":0,"98":0,"101":0,"105":0,"107":0,"109":1,"110":0,"113":0,"115":0,"116":0,"119":0,"123":0,"125":0,"127":1,"128":0,"131":0,"132":0,"135":0,"139":0,"141":0,"143":1,"144":0,"147":0,"149":0,"153":0,"155":0,"157":1,"158":0,"161":0,"162":0,"165":0,"169":0,"171":0,"173":1,"174":0,"177":0,"179":0,"183":0,"184":0,"186":0,"188":1,"189":0,"192":0,"194":0,"196":0,"197":0,"200":0,"204":0,"206":0,"208":0,"210":1,"211":0,"212":0,"213":0,"215":0,"216":0,"219":0,"220":0,"221":0,"225":0,"237":0,"239":0,"241":0,"243":0,"244":0,"249":1,"250":0,"251":0,"252":0,"253":0,"256":0,"257":0,"258":0,"259":0,"260":0,"261":0,"263":0,"264":0,"265":0,"266":0,"267":0,"270":0,"271":0,"272":0,"273":0,"274":0,"275":0,"276":0,"277":0,"278":0,"279":0,"280":0,"283":0,"285":0,"286":0,"287":0,"288":0,"289":0,"292":0,"293":0,"294":0,"295":0,"298":0,"299":0,"302":0,"303":0,"304":0,"305":0,"307":0,"308":0,"309":0,"310":0,"314":0,"318":0,"320":0,"322":1,"323":0,"326":0,"328":0,"339":0,"341":1,"342":0,"344":0,"345":0,"350":0,"351":0,"353":0,"355":0,"357":0,"359":0,"361":0,"363":0,"365":0,"367":0,"369":0,"375":0,"376":0,"377":0,"378":0,"384":0,"385":0,"386":0,"389":0,"390":0,"391":0,"392":0,"394":0,"395":0,"396":0,"397":0,"398":0,"399":0,"400":0,"401":0,"404":0,"405":0,"407":0,"408":0,"410":0,"411":0,"416":0,"417":0,"418":0,"419":0,"421":0,"424":0,"425":0,"426":0,"429":0,"430":0,"431":0,"432":0,"433":0,"434":0,"435":0,"437":0,"438":0,"442":0,"443":0,"444":0,"445":0,"447":0,"450":0,"451":0,"452":0,"453":0,"455":0,"458":0,"459":0,"460":0,"461":0,"462":0,"463":0,"464":0,"465":0,"466":0,"471":0,"472":0,"473":0,"474":0,"475":0,"476":0,"477":0,"478":0,"488":0,"489":0,"490":0,"491":0,"492":0,"493":0,"494":0,"496":0,"497":0,"499":0,"502":0,"503":0,"504":0,"505":0,"506":0,"509":0,"510":0,"511":0,"514":0,"515":0,"518":0,"540":0,"542":0,"544":1,"545":0,"546":0,"549":0,"551":0,"553":0,"554":0,"555":0,"560":0,"564":0,"565":0,"567":0,"570":0,"571":0,"572":0,"573":0,"575":0,"576":0,"579":0,"580":0,"581":0,"582":0,"583":0,"584":0,"587":0,"591":0,"593":0,"595":1,"596":0,"597":0,"600":0,"602":0,"604":0,"605":0,"606":0,"610":0,"614":0,"618":0,"627":0,"631":0,"632":0,"633":0,"634":0,"635":0,"636":0,"637":0,"640":0,"641":0,"642":0,"643":0,"644":0,"647":0,"651":0,"653":0,"655":1,"656":0,"658":0,"660":0,"661":0,"664":0,"666":0,"668":0,"669":0,"670":0,"671":0,"672":0,"673":0,"675":0,"676":0,"678":0,"681":0,"682":0,"689":0,"690":0,"691":0,"692":0,"694":0,"695":0,"696":0,"697":0,"699":0,"703":0,"704":0,"705":0,"706":0,"707":0,"708":0,"711":0,"712":0,"713":0,"714":0,"716":0,"717":0,"720":0,"721":0,"724":0,"725":0,"726":0,"729":0,"733":0,"735":0,"737":1,"738":0,"740":0,"741":0,"744":0,"746":0,"748":0,"749":0,"750":0,"751":0,"752":0,"753":0,"754":0,"756":0,"757":0,"762":0,"765":0,"766":0,"767":0,"769":0,"773":0,"774":0,"782":0,"783":0,"784":0,"785":0,"786":0,"787":0,"789":0,"793":0,"794":0,"795":0,"796":0,"799":0,"803":0,"805":0,"807":1,"808":0,"810":0,"812":0,"813":0,"816":0,"818":0,"820":0,"821":0,"822":0,"823":0,"824":0,"826":0,"827":0,"829":0,"830":0,"832":0,"833":0,"835":0,"838":0,"842":0,"843":0,"845":0,"846":0,"847":0,"848":0,"849":0,"850":0,"851":0,"852":0,"854":0,"859":0,"860":0,"861":0,"862":0,"863":0,"867":0,"868":0,"873":0,"874":0,"877":0,"881":0,"883":0,"885":1,"886":0,"888":0,"889":0,"892":0,"894":0,"896":0,"897":0,"899":0,"900":0,"901":0,"902":0,"904":0,"905":0,"907":0,"908":0,"910":0,"913":0,"917":0,"918":0,"919":0,"920":0,"921":0,"922":0,"923":0,"925":0,"929":0,"930":0,"931":0,"932":0,"933":0,"934":0,"939":0,"940":0,"946":0,"947":0,"950":0,"954":0,"956":0,"958":1,"959":0,"961":0,"962":0,"965":0,"967":0,"969":0,"970":0,"971":0,"972":0,"973":0,"974":0,"976":0,"981":0,"985":0,"986":0,"989":0,"992":0,"993":0,"994":0,"998":0,"999":0,"1002":0,"1003":0,"1004":0,"1005":0,"1007":0,"1008":0,"1009":0,"1010":0,"1011":0,"1016":0,"1017":0,"1018":0,"1019":0,"1020":0,"1023":0,"1027":0,"1029":0,"1031":1,"1032":0,"1034":0,"1036":0,"1038":0,"1040":0,"1042":0,"1044":0,"1046":0,"1047":0,"1050":0,"1052":0,"1054":0,"1056":0,"1057":0,"1058":0,"1059":0,"1060":0,"1062":0,"1063":0,"1064":0,"1067":0,"1072":0,"1073":0,"1074":0,"1075":0,"1078":0,"1079":0,"1080":0,"1081":0,"1084":0,"1085":0,"1087":0,"1088":0,"1089":0,"1090":0,"1091":0,"1094":0,"1097":0,"1098":0,"1099":0,"1102":0,"1103":0,"1104":0,"1107":0,"1108":0,"1109":0,"1110":0,"1113":0,"1114":0,"1115":0,"1116":0,"1117":0,"1118":0,"1120":0,"1121":0,"1125":0,"1126":0,"1131":0,"1132":0,"1133":0,"1136":0,"1137":0,"1140":0,"1141":0,"1142":0,"1143":0,"1144":0,"1147":0,"1151":0,"1153":0,"1155":1,"1156":0,"1159":0,"1161":0,"1163":0,"1164":0,"1165":0,"1166":0,"1167":0,"1168":0,"1169":0,"1174":0,"1175":0,"1178":0,"1179":0,"1182":0,"1186":0}},"/home/travis/build/npmtest/node-npmtest-log.io/node_modules/log.io/lib/templates.js":{"path":"/home/travis/build/npmtest/node-npmtest-log.io/node_modules/log.io/lib/templates.js","s":{"1":1,"2":1,"3":1,"4":1,"5":1,"6":1,"7":1,"8":1,"9":1,"10":1,"11":1},"b":{},"f":{"1":1},"fnMap":{"1":{"name":"(anonymous_1)","line":2,"loc":{"start":{"line":2,"column":1},"end":{"line":2,"column":12}}}},"statementMap":{"1":{"start":{"line":2,"column":0},"end":{"line":24,"column":14}},"2":{"start":{"line":4,"column":2},"end":{"line":4,"column":33}},"3":{"start":{"line":6,"column":2},"end":{"line":6,"column":168}},"4":{"start":{"line":8,"column":2},"end":{"line":8,"column":276}},"5":{"start":{"line":10,"column":2},"end":{"line":10,"column":303}},"6":{"start":{"line":12,"column":2},"end":{"line":12,"column":232}},"7":{"start":{"line":14,"column":2},"end":{"line":14,"column":863}},"8":{"start":{"line":16,"column":2},"end":{"line":16,"column":119}},"9":{"start":{"line":18,"column":2},"end":{"line":18,"column":60}},"10":{"start":{"line":20,"column":2},"end":{"line":20,"column":532}},"11":{"start":{"line":22,"column":2},"end":{"line":22,"column":521}}},"branchMap":{},"code":["// Generated by CoffeeScript 1.4.0","(function() {","","  exports.clientApplication = \"\";","","  exports.logControlPanel = \"<a class=\\\"select_mode active\\\" href=\\\"#log_control_streams\\\">Streams</a>\\n<a class=\\\"select_mode\\\" href=\\\"#log_control_nodes\\\">Nodes</a>\";","","  exports.logMessage = \"<p>\\n<span class='stream color<%= lmessage.get('stream').color %>'><%= lmessage.get('stream').id %></span>\\n<span class='node color<%= lmessage.get('node').color %>'><%= lmessage.get('node').id %></span>\\n<span class='message'><%= msg %></span>\\n</p>\";","","  exports.logScreenView = \"<div class='controls'>\\n<% if (logScreens.length > 1) { %><a href=\\\"#\\\" class='close'>close</a><% } %>\\n  <a href=\\\"#\\\" class='clear'>clear</a>\\n  <a href=\\\"#\\\" class='filter'>filter <input type='text'/></a>\\n</div>\\n<div class='messages'>\\n  <div class='msg'></div>\\n</div>\";","","  exports.logScreensPanel = \"<div class='log_screens'></div>\\n<div class='status_bar'>\\n  <a href=\\\"#\\\" class='button' id=\\\"new_screen_button\\\">New Screen</a>\\n  <div class='stats'></div>\\n  <div style='clear: both;'</div>\\n</div>\";","","  exports.logStatsView = \"<%\\nvar elapsed = (new Date().getTime() - stats.start) / 1000;\\nvar minutes = parseInt(elapsed/60);\\nvar seconds = parseInt(elapsed%60);\\nif (seconds < 10) { seconds = \\\"0\\\" + seconds; }\\nvar prettyTime =  minutes + \\\":\\\" + seconds;\\n%>\\n<div class='stat'>\\n  <span class='num'><%= (stats.messages / elapsed).toFixed(2) %></span>\\n  <span class='label'>messages/sec</span>\\n</div>\\n<div class='stat'>\\n  <span class='num'><%= prettyTime %></span>\\n  <span class='label'>elapsed</span>\\n</div>\\n<div class='stat'>\\n  <span class='num'><%= stats.messages %></span>\\n  <span class='label'>Messages</span>\\n</div>\\n<div class='stat'>\\n  <span class='num'><%= stats.nodes %></span>\\n  <span class='label'>Nodes</span>\\n</div>\\n<div class='stat'>\\n  <span class='num'><%= stats.streams %></span>\\n  <span class='label'>Streams</span>\\n</div>\";","","  exports.objectControls = \"<input class='filter' placeholder=\\\"Filter...\\\" type='text'/>\\n<div class='groups'></div>\";","","  exports.objectGroupControls = \"<div class='items'></div>\";","","  exports.objectGroupHeader = \"<div class='screen_buttons'>\\n<% \\nvar active = false;\\nlogScreens.each(function(screen) {\\n  var sactive = screen.isActive(object, getPair);\\n  if (sactive) { active = true; }\\n%>\\n  <input type='checkbox' <% if (sactive) { %>checked=\\\"checked\\\" <% } %>title='screen-<%= screen.cid %>'/>\\n<% }); %>\\n</div>\\n<div class='diode floatl <% if (active) { print('active color' + object.color) } %>'></div>\\n<div class='object_name floatl'><%= object.get('name') %></div>\\n<div style='clear: both;'></div>\";","","  exports.objectItemControls = \"<div class='screen_buttons'>\\n<% \\nvar active = false;\\nlogScreens.each(function(screen) {\\n  var haspair = screen.hasPair(stream, node);\\n  if (haspair) { active = true; }\\n%>\\n  <input type='checkbox' <% if (haspair) { %>checked='checked'<% } %>title='screen-<%= screen.cid %>'/>\\n<% }); %>\\n</div>\\n<div class='diode floatl <% if (active) { print('active color' + item.color); } %>'></div>\\n<div class='item_name floatl'><%= item.get('name') %></div>\\n<div style='clear: both;'></div>\";","","}).call(this);",""],"l":{"2":1,"4":1,"6":1,"8":1,"10":1,"12":1,"14":1,"16":1,"18":1,"20":1,"22":1}}}